#
# There is insufficient memory for the Java Runtime Environment to continue.
# Native memory allocation (mmap) failed to map 519045120 bytes for committing reserved memory.
# Possible reasons:
#   The system is out of physical RAM or swap space
#   In 32 bit mode, the process size limit was hit
# Possible solutions:
#   Reduce memory load on the system
#   Increase physical memory or swap space
#   Check if swap backing store is full
#   Use 64 bit Java on a 64 bit OS
#   Decrease Java heap size (-Xmx/-Xms)
#   Decrease number of Java threads
#   Decrease Java thread stack sizes (-Xss)
#   Set larger code cache with -XX:ReservedCodeCacheSize=
# This output file may be truncated or incomplete.
#
#  Out of Memory Error (os_linux.cpp:2673), pid=13349, tid=140356050237184
#
# JRE version: Java(TM) SE Runtime Environment (8.0_45-b14) (build 1.8.0_45-b14)
# Java VM: Java HotSpot(TM) 64-Bit Server VM (25.45-b02 mixed mode linux-amd64 compressed oops)
# Failed to write core dump. Core dumps have been disabled. To enable core dumping, try "ulimit -c unlimited" before starting Java again
#

---------------  T H R E A D  ---------------

Current thread (0x00007fa744080000):  VMThread [stack: 0x00007fa730743000,0x00007fa730844000] [id=13361]

Stack: [0x00007fa730743000,0x00007fa730844000],  sp=0x00007fa730842060,  free space=1020k
Native frames: (J=compiled Java code, j=interpreted, Vv=VM code, C=native code)
V  [libjvm.so+0xaac99a]  VMError::report_and_die()+0x2ba
V  [libjvm.so+0x4f333b]  report_vm_out_of_memory(char const*, int, unsigned long, VMErrorType, char const*)+0x8b
V  [libjvm.so+0x90e7c3]  os::Linux::commit_memory_impl(char*, unsigned long, bool)+0x103
V  [libjvm.so+0x90ed19]  os::pd_commit_memory(char*, unsigned long, unsigned long, bool)+0x29
V  [libjvm.so+0x90867a]  os::commit_memory(char*, unsigned long, unsigned long, bool)+0x2a
V  [libjvm.so+0x97bac3]  PSVirtualSpace::expand_by(unsigned long)+0x53
V  [libjvm.so+0x97cec8]  PSYoungGen::resize_generation(unsigned long, unsigned long)+0xf8
V  [libjvm.so+0x97c022]  PSYoungGen::resize(unsigned long, unsigned long)+0x22
V  [libjvm.so+0x9792fb]  PSScavenge::invoke_no_policy()+0xf7b
V  [libjvm.so+0x979a81]  PSScavenge::invoke()+0x41
V  [libjvm.so+0x932050]  ParallelScavengeHeap::failed_mem_allocate(unsigned long)+0x70
V  [libjvm.so+0xaae1d7]  VM_ParallelGCFailedAllocation::doit()+0x97
V  [libjvm.so+0xab59c5]  VM_Operation::evaluate()+0x55
V  [libjvm.so+0xab3d9a]  VMThread::evaluate_operation(VM_Operation*)+0xba
V  [libjvm.so+0xab411e]  VMThread::loop()+0x1ce
V  [libjvm.so+0xab4590]  VMThread::run()+0x70
V  [libjvm.so+0x910de8]  java_start(Thread*)+0x108

VM_Operation (0x00007fa74c4780c0): ParallelGCFailedAllocation, mode: safepoint, requested by thread 0x00007fa74400a000


---------------  P R O C E S S  ---------------

Java Threads: ( => current thread )
  0x00007fa744aaa000 JavaThread "resolver-5" daemon [_thread_blocked, id=13377, stack(0x00007fa712b06000,0x00007fa712c07000)]
  0x00007fa744aaf000 JavaThread "resolver-4" daemon [_thread_blocked, id=13376, stack(0x00007fa712c07000,0x00007fa712d08000)]
  0x00007fa744aae800 JavaThread "resolver-3" daemon [_thread_blocked, id=13375, stack(0x00007fa712d08000,0x00007fa712e09000)]
  0x00007fa744ab7800 JavaThread "resolver-2" daemon [_thread_blocked, id=13374, stack(0x00007fa712e09000,0x00007fa712f0a000)]
  0x00007fa744acf800 JavaThread "resolver-1" daemon [_thread_blocked, id=13373, stack(0x00007fa712f0a000,0x00007fa71300b000)]
  0x00007fa744630000 JavaThread "process reaper" daemon [_thread_blocked, id=13372, stack(0x00007fa7136a1000,0x00007fa7136da000)]
  0x00007fa7440e5000 JavaThread "Service Thread" daemon [_thread_blocked, id=13369, stack(0x00007fa713bfc000,0x00007fa713cfd000)]
  0x00007fa7440c7800 JavaThread "C1 CompilerThread3" daemon [_thread_blocked, id=13368, stack(0x00007fa713cfd000,0x00007fa713dfe000)]
  0x00007fa7440c5800 JavaThread "C2 CompilerThread2" daemon [_thread_blocked, id=13367, stack(0x00007fa713dfe000,0x00007fa713eff000)]
  0x00007fa7440c3800 JavaThread "C2 CompilerThread1" daemon [_thread_blocked, id=13366, stack(0x00007fa713eff000,0x00007fa714000000)]
  0x00007fa7440c1000 JavaThread "C2 CompilerThread0" daemon [_thread_blocked, id=13365, stack(0x00007fa730076000,0x00007fa730177000)]
  0x00007fa7440bf800 JavaThread "Signal Dispatcher" daemon [_thread_blocked, id=13364, stack(0x00007fa730177000,0x00007fa730278000)]
  0x00007fa744087000 JavaThread "Finalizer" daemon [_thread_blocked, id=13363, stack(0x00007fa730541000,0x00007fa730642000)]
  0x00007fa744085000 JavaThread "Reference Handler" daemon [_thread_blocked, id=13362, stack(0x00007fa730642000,0x00007fa730743000)]
  0x00007fa74400a000 JavaThread "main" [_thread_blocked, id=13352, stack(0x00007fa74c37a000,0x00007fa74c47b000)]

Other Threads:
=>0x00007fa744080000 VMThread [stack: 0x00007fa730743000,0x00007fa730844000] [id=13361]
  0x00007fa7440e7800 WatcherThread [stack: 0x00007fa713afb000,0x00007fa713bfc000] [id=13370]

VM state:at safepoint (normal execution)

VM Mutex/Monitor currently owned by a thread:  ([mutex/lock_event])
[0x00007fa7440061c0] Threads_lock - owner thread: 0x00007fa744080000
[0x00007fa7440066c0] Heap_lock - owner thread: 0x00007fa74400a000

Heap:
 PSYoungGen      total 537088K, used 15952K [0x0000000718c00000, 0x000000073ad00000, 0x00000007c0000000)
  eden space 516096K, 0% used [0x0000000718c00000,0x0000000718c00000,0x0000000738400000)
  from space 20992K, 75% used [0x0000000738400000,0x0000000739394020,0x0000000739880000)
  to   space 20992K, 0% used [0x0000000739880000,0x0000000739880000,0x000000073ad00000)
 ParOldGen       total 343040K, used 72K [0x00000005ca400000, 0x00000005df300000, 0x0000000718c00000)
  object space 343040K, 0% used [0x00000005ca400000,0x00000005ca412000,0x00000005df300000)
 Metaspace       used 18760K, capacity 19536K, committed 19840K, reserved 1067008K
  class space    used 2099K, capacity 2330K, committed 2432K, reserved 1048576K

Card table byte_map: [0x00007fa7481b0000,0x00007fa74915f000] byte_map_base: 0x00007fa74535e000

Marking Bits: (ParMarkBitMap*) 0x00007fa74b85c760
 Begin Bits: [0x00007fa6fc520000, 0x00007fa704290000)
 End Bits:   [0x00007fa704290000, 0x00007fa70c000000)

Polling page: 0x00007fa74c4a3000

CodeCache: size=245760Kb used=12683Kb max_used=14254Kb free=233076Kb
 bounds [0x00007fa735000000, 0x00007fa735e00000, 0x00007fa744000000]
 total_blobs=3855 nmethods=3512 adapters=256
 compilation: enabled

Compilation events (10 events):
Event: 8.091 Thread 0x00007fa7440c7800 4106       3       org.codehaus.plexus.archiver.filters.JarSecurityFileSelector::isSelected (43 bytes)
Event: 8.092 Thread 0x00007fa7440c7800 nmethod 4106 0x00007fa7355d8f90 code [0x00007fa7355d9120, 0x00007fa7355d9508]
Event: 8.126 Thread 0x00007fa7440c3800 nmethod 4105 0x00007fa73556d610 code [0x00007fa73556d800, 0x00007fa73556eb08]
Event: 8.158 Thread 0x00007fa7440c5800 4107       4       org.codehaus.plexus.components.io.fileselectors.IncludeExcludeFileSelector::getCanonicalName (18 bytes)
Event: 8.169 Thread 0x00007fa7440c5800 nmethod 4107 0x00007fa7352e0890 code [0x00007fa7352e0a00, 0x00007fa7352e0e78]
Event: 8.188 Thread 0x00007fa7440c1000 4108       4       org.codehaus.plexus.archiver.filters.JarSecurityFileSelector::isSelected (43 bytes)
Event: 8.190 Thread 0x00007fa7440c1000 nmethod 4108 0x00007fa735715b90 code [0x00007fa735715ce0, 0x00007fa735715de8]
Event: 8.191 Thread 0x00007fa7440c3800 4109   !   4       org.apache.maven.plugin.assembly.filter.ComponentsXmlArchiverFileFilter::isSelected (163 bytes)
Event: 8.201 Thread 0x00007fa7440c3800 nmethod 4109 0x00007fa7352dee10 code [0x00007fa7352defa0, 0x00007fa7352df658]
Event: 8.214 Thread 0x00007fa7440c5800 4110       4       org.codehaus.plexus.components.io.resources.AbstractPlexusIoResourceCollection::isSelected (39 bytes)

GC Heap History (9 events):
Event: 2.165 GC heap before
{Heap before GC invocations=1 (full 0):
 PSYoungGen      total 150016K, used 129024K [0x0000000718c00000, 0x0000000723300000, 0x00000007c0000000)
  eden space 129024K, 100% used [0x0000000718c00000,0x0000000720a00000,0x0000000720a00000)
  from space 20992K, 0% used [0x0000000721e80000,0x0000000721e80000,0x0000000723300000)
  to   space 20992K, 0% used [0x0000000720a00000,0x0000000720a00000,0x0000000721e80000)
 ParOldGen       total 343040K, used 0K [0x00000005ca400000, 0x00000005df300000, 0x0000000718c00000)
  object space 343040K, 0% used [0x00000005ca400000,0x00000005ca400000,0x00000005df300000)
 Metaspace       used 13684K, capacity 14030K, committed 14336K, reserved 1062912K
  class space    used 1629K, capacity 1727K, committed 1792K, reserved 1048576K
Event: 2.199 GC heap after
Heap after GC invocations=1 (full 0):
 PSYoungGen      total 150016K, used 12883K [0x0000000718c00000, 0x000000072b100000, 0x00000007c0000000)
  eden space 129024K, 0% used [0x0000000718c00000,0x0000000718c00000,0x0000000720a00000)
  from space 20992K, 61% used [0x0000000720a00000,0x0000000721694eb8,0x0000000721e80000)
  to   space 20992K, 0% used [0x0000000729c80000,0x0000000729c80000,0x000000072b100000)
 ParOldGen       total 343040K, used 24K [0x00000005ca400000, 0x00000005df300000, 0x0000000718c00000)
  object space 343040K, 0% used [0x00000005ca400000,0x00000005ca406000,0x00000005df300000)
 Metaspace       used 13684K, capacity 14030K, committed 14336K, reserved 1062912K
  class space    used 1629K, capacity 1727K, committed 1792K, reserved 1048576K
}
Event: 4.860 GC heap before
{Heap before GC invocations=2 (full 0):
 PSYoungGen      total 150016K, used 141907K [0x0000000718c00000, 0x000000072b100000, 0x00000007c0000000)
  eden space 129024K, 100% used [0x0000000718c00000,0x0000000720a00000,0x0000000720a00000)
  from space 20992K, 61% used [0x0000000720a00000,0x0000000721694eb8,0x0000000721e80000)
  to   space 20992K, 0% used [0x0000000729c80000,0x0000000729c80000,0x000000072b100000)
 ParOldGen       total 343040K, used 24K [0x00000005ca400000, 0x00000005df300000, 0x0000000718c00000)
  object space 343040K, 0% used [0x00000005ca400000,0x00000005ca406000,0x00000005df300000)
 Metaspace       used 16963K, capacity 17614K, committed 17920K, reserved 1064960K
  class space    used 1946K, capacity 2186K, committed 2304K, reserved 1048576K
Event: 4.959 GC heap after
Heap after GC invocations=2 (full 0):
 PSYoungGen      total 279040K, used 12195K [0x0000000718c00000, 0x000000072b100000, 0x00000007c0000000)
  eden space 258048K, 0% used [0x0000000718c00000,0x0000000718c00000,0x0000000728800000)
  from space 20992K, 58% used [0x0000000729c80000,0x000000072a868d20,0x000000072b100000)
  to   space 20992K, 0% used [0x0000000728800000,0x0000000728800000,0x0000000729c80000)
 ParOldGen       total 343040K, used 48K [0x00000005ca400000, 0x00000005df300000, 0x0000000718c00000)
  object space 343040K, 0% used [0x00000005ca400000,0x00000005ca40c000,0x00000005df300000)
 Metaspace       used 16963K, capacity 17614K, committed 17920K, reserved 1064960K
  class space    used 1946K, capacity 2186K, committed 2304K, reserved 1048576K
}
Event: 6.668 GC heap before
{Heap before GC invocations=3 (full 0):
 PSYoungGen      total 279040K, used 270243K [0x0000000718c00000, 0x000000072b100000, 0x00000007c0000000)
  eden space 258048K, 100% used [0x0000000718c00000,0x0000000728800000,0x0000000728800000)
  from space 20992K, 58% used [0x0000000729c80000,0x000000072a868d20,0x000000072b100000)
  to   space 20992K, 0% used [0x0000000728800000,0x0000000728800000,0x0000000729c80000)
 ParOldGen       total 343040K, used 48K [0x00000005ca400000, 0x00000005df300000, 0x0000000718c00000)
  object space 343040K, 0% used [0x00000005ca400000,0x00000005ca40c000,0x00000005df300000)
 Metaspace       used 18741K, capacity 19472K, committed 19840K, reserved 1067008K
  class space    used 2099K, capacity 2330K, committed 2432K, reserved 1048576K
Event: 6.892 GC heap after
Heap after GC invocations=3 (full 0):
 PSYoungGen      total 279040K, used 14015K [0x0000000718c00000, 0x000000073ad00000, 0x00000007c0000000)
  eden space 258048K, 0% used [0x0000000718c00000,0x0000000718c00000,0x0000000728800000)
  from space 20992K, 66% used [0x0000000728800000,0x00000007295afef8,0x0000000729c80000)
  to   space 20992K, 0% used [0x0000000739880000,0x0000000739880000,0x000000073ad00000)
 ParOldGen       total 343040K, used 56K [0x00000005ca400000, 0x00000005df300000, 0x0000000718c00000)
  object space 343040K, 0% used [0x00000005ca400000,0x00000005ca40e000,0x00000005df300000)
 Metaspace       used 18741K, capacity 19472K, committed 19840K, reserved 1067008K
  class space    used 2099K, capacity 2330K, committed 2432K, reserved 1048576K
}
Event: 7.237 GC heap before
{Heap before GC invocations=4 (full 0):
 PSYoungGen      total 279040K, used 272063K [0x0000000718c00000, 0x000000073ad00000, 0x00000007c0000000)
  eden space 258048K, 100% used [0x0000000718c00000,0x0000000728800000,0x0000000728800000)
  from space 20992K, 66% used [0x0000000728800000,0x00000007295afef8,0x0000000729c80000)
  to   space 20992K, 0% used [0x0000000739880000,0x0000000739880000,0x000000073ad00000)
 ParOldGen       total 343040K, used 56K [0x00000005ca400000, 0x00000005df300000, 0x0000000718c00000)
  object space 343040K, 0% used [0x00000005ca400000,0x00000005ca40e000,0x00000005df300000)
 Metaspace       used 18758K, capacity 19536K, committed 19840K, reserved 1067008K
  class space    used 2099K, capacity 2330K, committed 2432K, reserved 1048576K
Event: 7.258 GC heap after
Heap after GC invocations=4 (full 0):
 PSYoungGen      total 537088K, used 13552K [0x0000000718c00000, 0x000000073ad00000, 0x00000007c0000000)
  eden space 516096K, 0% used [0x0000000718c00000,0x0000000718c00000,0x0000000738400000)
  from space 20992K, 64% used [0x0000000739880000,0x000000073a5bc020,0x000000073ad00000)
  to   space 20992K, 0% used [0x0000000738400000,0x0000000738400000,0x0000000739880000)
 ParOldGen       total 343040K, used 64K [0x00000005ca400000, 0x00000005df300000, 0x0000000718c00000)
  object space 343040K, 0% used [0x00000005ca400000,0x00000005ca410000,0x00000005df300000)
 Metaspace       used 18758K, capacity 19536K, committed 19840K, reserved 1067008K
  class space    used 2099K, capacity 2330K, committed 2432K, reserved 1048576K
}
Event: 8.216 GC heap before
{Heap before GC invocations=5 (full 0):
 PSYoungGen      total 537088K, used 529648K [0x0000000718c00000, 0x000000073ad00000, 0x00000007c0000000)
  eden space 516096K, 100% used [0x0000000718c00000,0x0000000738400000,0x0000000738400000)
  from space 20992K, 64% used [0x0000000739880000,0x000000073a5bc020,0x000000073ad00000)
  to   space 20992K, 0% used [0x0000000738400000,0x0000000738400000,0x0000000739880000)
 ParOldGen       total 343040K, used 64K [0x00000005ca400000, 0x00000005df300000, 0x0000000718c00000)
  object space 343040K, 0% used [0x00000005ca400000,0x00000005ca410000,0x00000005df300000)
 Metaspace       used 18760K, capacity 19536K, committed 19840K, reserved 1067008K
  class space    used 2099K, capacity 2330K, committed 2432K, reserved 1048576K

Deoptimization events (10 events):
Event: 6.043 Thread 0x00007fa744aae800 Uncommon trap: reason=unstable_if action=reinterpret pc=0x00007fa735d32230 method=java.util.concurrent.ConcurrentHashMap.addCount(JI)V @ 7
Event: 6.044 Thread 0x00007fa744ab7800 Uncommon trap: reason=unstable_if action=reinterpret pc=0x00007fa735d32230 method=java.util.concurrent.ConcurrentHashMap.addCount(JI)V @ 7
Event: 6.462 Thread 0x00007fa74400a000 Uncommon trap: reason=unstable_if action=reinterpret pc=0x00007fa7358a92ec method=java.util.Properties$LineReader.readLine()I @ 323
Event: 6.462 Thread 0x00007fa74400a000 Uncommon trap: reason=unstable_if action=reinterpret pc=0x00007fa735d37388 method=java.util.Properties.load0(Ljava/util/Properties$LineReader;)V @ 115
Event: 6.462 Thread 0x00007fa74400a000 Uncommon trap: reason=unstable_if action=reinterpret pc=0x00007fa735bbcd64 method=java.util.Properties.loadConvert([CII[C)Ljava/lang/String; @ 57
Event: 6.594 Thread 0x00007fa74400a000 Uncommon trap: reason=unstable_if action=reinterpret pc=0x00007fa73548731c method=org.codehaus.plexus.util.SelectorUtils.match(Ljava/lang/String;Ljava/lang/String;Z)Z @ 187
Event: 6.639 Thread 0x00007fa74400a000 Uncommon trap: reason=unstable_if action=reinterpret pc=0x00007fa7352eb2a4 method=org.codehaus.plexus.util.SelectorUtils.match(Ljava/lang/String;Ljava/lang/String;Z)Z @ 112
Event: 8.083 Thread 0x00007fa74400a000 Uncommon trap: reason=unstable_if action=reinterpret pc=0x00007fa73547a32c method=org.codehaus.plexus.util.SelectorUtils.match(Ljava/lang/String;Ljava/lang/String;Z)Z @ 229
Event: 8.083 Thread 0x00007fa74400a000 Uncommon trap: reason=unstable_if action=reinterpret pc=0x00007fa7354f1d24 method=org.codehaus.plexus.archiver.filters.JarSecurityFileSelector.isSelected(Lorg/codehaus/plexus/components/io/fileselectors/FileInfo;)Z @ 30
Event: 8.083 Thread 0x00007fa74400a000 Uncommon trap: reason=unstable_if action=reinterpret pc=0x00007fa735439f24 method=org.codehaus.plexus.archiver.filters.JarSecurityFileSelector.isSelected(Lorg/codehaus/plexus/components/io/fileselectors/FileInfo;)Z @ 30

Internal exceptions (10 events):
Event: 1.402 Thread 0x00007fa74400a000 Implicit null exception at 0x00007fa735329a2f to 0x00007fa735329a99
Event: 1.483 Thread 0x00007fa74400a000 Implicit null exception at 0x00007fa7354f75d4 to 0x00007fa7354f78dd
Event: 2.524 Thread 0x00007fa74400a000 Exception <a 'java/lang/NoClassDefFoundError': org/slf4j/Logger> (0x000000071a5fd8c8) thrown at [/RE-WORK/workspace/8-2-build-linux-amd64/jdk8u45/3457/hotspot/src/share/vm/oops/constantPool.cpp, line 235]
Event: 2.665 Thread 0x00007fa74400a000 Exception <a 'java/lang/NoClassDefFoundError': org/slf4j/Logger> (0x000000071b4debc0) thrown at [/RE-WORK/workspace/8-2-build-linux-amd64/jdk8u45/3457/hotspot/src/share/vm/oops/constantPool.cpp, line 235]
Event: 2.858 Thread 0x00007fa74400a000 Exception <a 'java/lang/NoClassDefFoundError': org/slf4j/Logger> (0x000000071cfd0ae0) thrown at [/RE-WORK/workspace/8-2-build-linux-amd64/jdk8u45/3457/hotspot/src/share/vm/oops/constantPool.cpp, line 235]
Event: 3.125 Thread 0x00007fa74400a000 Exception <a 'java/lang/NoClassDefFoundError': org/slf4j/Logger> (0x000000071da7e870) thrown at [/RE-WORK/workspace/8-2-build-linux-amd64/jdk8u45/3457/hotspot/src/share/vm/oops/constantPool.cpp, line 235]
Event: 3.195 Thread 0x00007fa744ab7800 Implicit null exception at 0x00007fa73576ecc8 to 0x00007fa73576ed91
Event: 3.229 Thread 0x00007fa74400a000 Implicit null exception at 0x00007fa735a550e9 to 0x00007fa735a558bd
Event: 4.620 Thread 0x00007fa74400a000 Exception <a 'java/lang/NoClassDefFoundError': org/slf4j/Logger> (0x000000071f9e7020) thrown at [/RE-WORK/workspace/8-2-build-linux-amd64/jdk8u45/3457/hotspot/src/share/vm/oops/constantPool.cpp, line 235]
Event: 5.035 Thread 0x00007fa74400a000 Exception <a 'java/lang/NoClassDefFoundError': org/slf4j/Logger> (0x00000007197eb9f0) thrown at [/RE-WORK/workspace/8-2-build-linux-amd64/jdk8u45/3457/hotspot/src/share/vm/oops/constantPool.cpp, line 235]

Events (10 events):
Event: 8.083 Thread 0x00007fa74400a000 Uncommon trap: trap_request=0xffffff65 fr.pc=0x00007fa73547a32c
Event: 8.083 Thread 0x00007fa74400a000 DEOPT PACKING pc=0x00007fa73547a32c sp=0x00007fa74c478260
Event: 8.083 Thread 0x00007fa74400a000 DEOPT UNPACKING pc=0x00007fa735005229 sp=0x00007fa74c4781c8 mode 2
Event: 8.083 Thread 0x00007fa74400a000 Uncommon trap: trap_request=0xffffff65 fr.pc=0x00007fa7354f1d24
Event: 8.083 Thread 0x00007fa74400a000 DEOPT PACKING pc=0x00007fa7354f1d24 sp=0x00007fa74c4782c0
Event: 8.083 Thread 0x00007fa74400a000 DEOPT UNPACKING pc=0x00007fa735005229 sp=0x00007fa74c478250 mode 2
Event: 8.083 Thread 0x00007fa74400a000 Uncommon trap: trap_request=0xffffff65 fr.pc=0x00007fa735439f24
Event: 8.083 Thread 0x00007fa74400a000 DEOPT PACKING pc=0x00007fa735439f24 sp=0x00007fa74c4782a0
Event: 8.083 Thread 0x00007fa74400a000 DEOPT UNPACKING pc=0x00007fa735005229 sp=0x00007fa74c478250 mode 2
Event: 8.216 Executing VM operation: ParallelGCFailedAllocation


Dynamic libraries:
00400000-00401000 r-xp 00000000 08:16 1163529                            /usr/lib/jvm/java-8-oracle/bin/java
00600000-00601000 rw-p 00000000 08:16 1163529                            /usr/lib/jvm/java-8-oracle/bin/java
0189c000-018bd000 rw-p 00000000 00:00 0                                  [heap]
5ca400000-5df300000 rw-p 00000000 00:00 0 
5df300000-718c00000 ---p 00000000 00:00 0 
718c00000-73ad00000 rw-p 00000000 00:00 0 
759c00000-7c0000000 ---p 00000000 00:00 0 
7c0000000-7c0260000 rw-p 00000000 00:00 0 
7c0260000-800000000 ---p 00000000 00:00 0 
7fa6b0000000-7fa6b0021000 rw-p 00000000 00:00 0 
7fa6b0021000-7fa6b4000000 ---p 00000000 00:00 0 
7fa6b4000000-7fa6b4021000 rw-p 00000000 00:00 0 
7fa6b4021000-7fa6b8000000 ---p 00000000 00:00 0 
7fa6b8000000-7fa6b8021000 rw-p 00000000 00:00 0 
7fa6b8021000-7fa6bc000000 ---p 00000000 00:00 0 
7fa6bc000000-7fa6bc021000 rw-p 00000000 00:00 0 
7fa6bc021000-7fa6c0000000 ---p 00000000 00:00 0 
7fa6c0000000-7fa6c0021000 rw-p 00000000 00:00 0 
7fa6c0021000-7fa6c4000000 ---p 00000000 00:00 0 
7fa6c4000000-7fa6c4021000 rw-p 00000000 00:00 0 
7fa6c4021000-7fa6c8000000 ---p 00000000 00:00 0 
7fa6c8000000-7fa6c8021000 rw-p 00000000 00:00 0 
7fa6c8021000-7fa6cc000000 ---p 00000000 00:00 0 
7fa6cc000000-7fa6cc021000 rw-p 00000000 00:00 0 
7fa6cc021000-7fa6d0000000 ---p 00000000 00:00 0 
7fa6d0000000-7fa6d0021000 rw-p 00000000 00:00 0 
7fa6d0021000-7fa6d4000000 ---p 00000000 00:00 0 
7fa6d4000000-7fa6d4021000 rw-p 00000000 00:00 0 
7fa6d4021000-7fa6d8000000 ---p 00000000 00:00 0 
7fa6d8000000-7fa6d8d42000 rw-p 00000000 00:00 0 
7fa6d8d42000-7fa6dc000000 ---p 00000000 00:00 0 
7fa6dc000000-7fa6dc021000 rw-p 00000000 00:00 0 
7fa6dc021000-7fa6e0000000 ---p 00000000 00:00 0 
7fa6e0000000-7fa6e13ec000 rw-p 00000000 00:00 0 
7fa6e13ec000-7fa6e4000000 ---p 00000000 00:00 0 
7fa6e4000000-7fa6e5132000 rw-p 00000000 00:00 0 
7fa6e5132000-7fa6e8000000 ---p 00000000 00:00 0 
7fa6e8000000-7fa6e8021000 rw-p 00000000 00:00 0 
7fa6e8021000-7fa6ec000000 ---p 00000000 00:00 0 
7fa6ec000000-7fa6ed486000 rw-p 00000000 00:00 0 
7fa6ed486000-7fa6f0000000 ---p 00000000 00:00 0 
7fa6f0000000-7fa6f0021000 rw-p 00000000 00:00 0 
7fa6f0021000-7fa6f4000000 ---p 00000000 00:00 0 
7fa6f4000000-7fa6f4021000 rw-p 00000000 00:00 0 
7fa6f4021000-7fa6f8000000 ---p 00000000 00:00 0 
7fa6f8000000-7fa6f829a000 rw-p 00000000 00:00 0 
7fa6f829a000-7fa6fc000000 ---p 00000000 00:00 0 
7fa6fc520000-7fa70c000000 rw-p 00000000 00:00 0 
7fa70c000000-7fa70c021000 rw-p 00000000 00:00 0 
7fa70c021000-7fa710000000 ---p 00000000 00:00 0 
7fa712245000-7fa712246000 rw-p 00000000 00:00 0 
7fa712246000-7fa71224d000 r--s 001f7000 08:16 1210774                    /home/adriaan/.m2/repository/org/swinglabs/pdf-renderer/1.0.5/pdf-renderer-1.0.5.jar
7fa71224d000-7fa712257000 r--s 0006e000 08:16 1210781                    /home/adriaan/.m2/repository/jfree/jcommon/1.0.16/jcommon-1.0.16.jar
7fa712257000-7fa712267000 r--s 0013f000 08:16 1210771                    /home/adriaan/.m2/repository/jfree/jfreechart/1.0.12/jfreechart-1.0.12.jar
7fa712267000-7fa71226c000 r--s 00048000 08:16 1210769                    /home/adriaan/.m2/repository/dom4j/dom4j/1.6.1/dom4j-1.6.1.jar
7fa71226c000-7fa712270000 r--s 0002b000 08:16 1210767                    /home/adriaan/.m2/repository/org/bouncycastle/bcmail-jdk14/1.38/bcmail-jdk14-1.38.jar
7fa712270000-7fa712291000 r--s 0015a000 08:16 1210765                    /home/adriaan/.m2/repository/org/bouncycastle/bcprov-jdk14/1.38/bcprov-jdk14-1.38.jar
7fa712291000-7fa712292000 r--s 00005000 08:16 1210763                    /home/adriaan/.m2/repository/org/bouncycastle/bctsp-jdk14/1.38/bctsp-jdk14-1.38.jar
7fa712292000-7fa7122a5000 r--s 00211000 08:16 1210761                    /home/adriaan/.m2/repository/com/lowagie/itext/4.2.1/itext-4.2.1.jar
7fa7122a5000-7fa7122a9000 r--s 00028000 08:16 1210759                    /home/adriaan/.m2/repository/com/google/code/gson/gson/2.1/gson-2.1.jar
7fa7122a9000-7fa7122b1000 r--s 00028000 08:16 1210757                    /home/adriaan/.m2/repository/xml-apis/xml-apis/1.3.03/xml-apis-1.3.03.jar
7fa7122b1000-7fa7122c8000 r--s 00112000 08:16 1210756                    /home/adriaan/.m2/repository/xerces/xercesImpl/2.8.1/xercesImpl-2.8.1.jar
7fa7122c8000-7fa7122ca000 r--s 00005000 08:16 1210754                    /home/adriaan/.m2/repository/org/axsl/org/w3c/dom/mathml/mathml-dom-java/2.0/mathml-dom-java-2.0.jar
7fa7122ca000-7fa7122cc000 r--s 0000f000 08:16 1210751                    /home/adriaan/.m2/repository/net/sf/jsci/lpsolve/2003-11-03/lpsolve-2003-11-03.jar
7fa7122cc000-7fa7122df000 r--s 000bb000 08:16 1210749                    /home/adriaan/.m2/repository/net/sf/jsci/jsci/1.2/jsci-1.2.jar
7fa7122df000-7fa7122e0000 r--s 00004000 08:16 1210752                    /home/adriaan/.m2/repository/com/github/rwl/COLAMDJ/1.0.1/COLAMDJ-1.0.1.jar
7fa7122e0000-7fa7122e2000 r--s 00006000 08:16 1210747                    /home/adriaan/.m2/repository/com/github/rwl/AMDJ/1.0.1/AMDJ-1.0.1.jar
7fa7122e2000-7fa7122e4000 r--s 00001000 08:16 1210744                    /home/adriaan/.m2/repository/com/github/rwl/BTFJ/1.0.1/BTFJ-1.0.1.jar
7fa7122e4000-7fa7122e6000 r--s 0000c000 08:16 1210742                    /home/adriaan/.m2/repository/com/github/rwl/JKLU/1.0.0/JKLU-1.0.0.jar
7fa7122e6000-7fa7122ec000 r--s 0002e000 08:16 1210731                    /home/adriaan/.m2/repository/net/sourceforge/csparsej/csparsej/1.1.1/csparsej-1.1.1.jar
7fa7122ec000-7fa7122f3000 r--s 00037000 08:16 1210737                    /home/adriaan/.m2/repository/junit/junit/4.10/junit-4.10.jar
7fa7122f3000-7fa712309000 r--s 00119000 08:16 1188064                    /home/adriaan/.m2/repository/com/github/samtools/htsjdk/1.129/htsjdk-1.129.jar
7fa712309000-7fa71230b000 r--s 0001f000 08:16 1210740                    /home/adriaan/.m2/repository/com/googlecode/netlib-java/netlib-java/0.9.3/netlib-java-0.9.3.jar
7fa71230b000-7fa71230d000 r--s 0000f000 08:16 1210733                    /home/adriaan/.m2/repository/net/sourceforge/parallelcolt/optimization/1.0/optimization-1.0.jar
7fa71230d000-7fa71230f000 r--s 00011000 08:16 1210738                    /home/adriaan/.m2/repository/org/hamcrest/hamcrest-core/1.1/hamcrest-core-1.1.jar
7fa71230f000-7fa71231b000 r--s 000af000 08:16 1210729                    /home/adriaan/.m2/repository/net/sourceforge/jtransforms/jtransforms/2.4.0/jtransforms-2.4.0.jar
7fa71231b000-7fa71232d000 r--s 00112000 08:16 1210728                    /home/adriaan/.m2/repository/net/sourceforge/f2j/arpack_combined_all/0.1/arpack_combined_all-0.1.jar
7fa71232d000-7fa71232f000 r--s 00006000 08:16 1210724                    /home/adriaan/.m2/repository/net/sourceforge/jplasma/core-lapack/0.1/core-lapack-0.1.jar
7fa71232f000-7fa712331000 r--s 00015000 08:16 1210723                    /home/adriaan/.m2/repository/net/sourceforge/jplasma/jplasma/1.2.0/jplasma-1.2.0.jar
7fa712331000-7fa71237d000 r--s 003d4000 08:16 1210725                    /home/adriaan/.m2/repository/net/sourceforge/parallelcolt/parallelcolt/0.10.0/parallelcolt-0.10.0.jar
7fa71237d000-7fa71239b000 r--s 00180000 08:16 1210719                    /home/adriaan/.m2/repository/org/apache/commons/commons-math3/3.2/commons-math3-3.2.jar
7fa71239b000-7fa71239f000 r--s 0002f000 08:16 1210714                    /home/adriaan/.m2/repository/commons-beanutils/commons-beanutils-core/1.8.0/commons-beanutils-core-1.8.0.jar
7fa71239f000-7fa7123a4000 r--s 0002a000 08:16 1210711                    /home/adriaan/.m2/repository/commons-beanutils/commons-beanutils/1.7.0/commons-beanutils-1.7.0.jar
7fa7123a4000-7fa7123a8000 r--s 00020000 08:16 1210710                    /home/adriaan/.m2/repository/commons-digester/commons-digester/1.8/commons-digester-1.8.jar
7fa7123a8000-7fa7123ad000 r--s 00040000 08:16 1210716                    /home/adriaan/.m2/repository/commons-lang/commons-lang/2.5/commons-lang-2.5.jar
7fa7123ad000-7fa7123b3000 r--s 00043000 08:16 1210707                    /home/adriaan/.m2/repository/commons-configuration/commons-configuration/1.6/commons-configuration-1.6.jar
7fa7123b3000-7fa7123c1000 r--s 0007f000 08:16 1210703                    /home/adriaan/.m2/repository/commons-collections/commons-collections/3.2.1/commons-collections-3.2.1.jar
7fa7123c1000-7fa7123ca000 r--s 00037000 08:16 1210669                    /home/adriaan/.m2/repository/commons-primitives/commons-primitives/1.0/commons-primitives-1.0.jar
7fa7123ca000-7fa7123d1000 r--s 0008c000 08:16 1211726                    /home/adriaan/.m2/repository/nl/systemsgenetics/genetica-libraries/1.0.2/genetica-libraries-1.0.2.jar
7fa7123d1000-7fa7123d3000 r--s 00017000 08:16 1211809                    /home/adriaan/.m2/repository/nl/systemsgenetics/eqtl-functional-enrichment/0.0.3-SNAPSHOT/eqtl-functional-enrichment-0.0.3-SNAPSHOT.jar
7fa7123d3000-7fa7123d5000 r--s 00005000 08:16 1185218                    /home/adriaan/.m2/repository/nl/systemsgenetics/cell_type_specific_ase/1.0.2-SNAPSHOT/cell_type_specific_ase-1.0.2-SNAPSHOT.jar
7fa7123d5000-7fa7124d5000 rw-p 00000000 00:00 0 
7fa7124d5000-7fa7125d5000 ---p 00000000 00:00 0 
7fa7125d5000-7fa7125d6000 r--s 00005000 08:16 1211479                    /home/adriaan/.m2/repository/org/apache/maven/shared/maven-repository-builder/1.0-alpha-2/maven-repository-builder-1.0-alpha-2.jar
7fa7125d6000-7fa7125da000 r--s 00033000 08:16 1211478                    /home/adriaan/.m2/repository/org/codehaus/plexus/plexus-utils/2.0.1/plexus-utils-2.0.1.jar
7fa7125da000-7fa7125db000 r--s 00004000 08:16 1211477                    /home/adriaan/.m2/repository/org/apache/maven/maven-archiver/2.4/maven-archiver-2.4.jar
7fa7125db000-7fa7125dd000 r--s 0000a000 08:16 1211471                    /home/adriaan/.m2/repository/org/codehaus/plexus/plexus-io/1.0-alpha-4/plexus-io-1.0-alpha-4.jar
7fa7125dd000-7fa7125df000 r--s 00004000 08:16 1211470                    /home/adriaan/.m2/repository/org/codehaus/plexus/plexus-active-collections/1.0-beta-2/plexus-active-collections-1.0-beta-2.jar
7fa7125df000-7fa7125e1000 r--s 00007000 08:16 1211468                    /home/adriaan/.m2/repository/org/apache/maven/shared/maven-filtering/1.0-beta-2/maven-filtering-1.0-beta-2.jar
7fa7125e1000-7fa7125e3000 r--s 00008000 08:16 1211469                    /home/adriaan/.m2/repository/org/apache/maven/shared/maven-shared-io/1.1/maven-shared-io-1.1.jar
7fa7125e3000-7fa7125e5000 r--s 00006000 08:16 1211461                    /home/adriaan/.m2/repository/org/apache/maven/shared/file-management/1.1/file-management-1.1.jar
7fa7125e5000-7fa7125e9000 r--s 00028000 08:16 1211463                    /home/adriaan/.m2/repository/org/codehaus/plexus/plexus-archiver/1.0-alpha-12/plexus-archiver-1.0-alpha-12.jar
7fa7125e9000-7fa7125eb000 r--s 0000b000 08:16 1211462                    /home/adriaan/.m2/repository/org/codehaus/plexus/plexus-interpolation/1.7/plexus-interpolation-1.7.jar
7fa7125eb000-7fa7125ec000 r--s 00007000 08:16 1211460                    /home/adriaan/.m2/repository/org/apache/maven/shared/maven-plugin-testing-harness/1.1/maven-plugin-testing-harness-1.1.jar
7fa7125ec000-7fa7125ee000 r--s 00006000 08:16 1211459                    /home/adriaan/.m2/repository/org/apache/maven/shared/maven-common-artifact-filters/1.1/maven-common-artifact-filters-1.1.jar
7fa7125ee000-7fa7125f2000 r--s 0002f000 08:16 1211049                    /home/adriaan/.m2/repository/org/apache/maven/plugins/maven-assembly-plugin/2.2-beta-5/maven-assembly-plugin-2.2-beta-5.jar
7fa7125f2000-7fa7125f6000 r--s 00034000 08:16 1211013                    /home/adriaan/.m2/repository/org/codehaus/plexus/plexus-utils/3.0/plexus-utils-3.0.jar
7fa7125f6000-7fa7125fa000 r--s 0002f000 08:16 1211012                    /home/adriaan/.m2/repository/commons-lang/commons-lang/2.1/commons-lang-2.1.jar
7fa7125fa000-7fa7125fd000 r--s 0000c000 08:16 1211014                    /home/adriaan/.m2/repository/org/codehaus/plexus/plexus-io/2.0.1/plexus-io-2.0.1.jar
7fa7125fd000-7fa712601000 r--s 00028000 08:16 1211015                    /home/adriaan/.m2/repository/org/codehaus/plexus/plexus-archiver/2.0.1/plexus-archiver-2.0.1.jar
7fa712601000-7fa712602000 r--s 00004000 08:16 1211011                    /home/adriaan/.m2/repository/org/apache/maven/maven-archiver/2.4.2/maven-archiver-2.4.2.jar
7fa712602000-7fa712603000 r--s 00007000 08:16 1210253                    /home/adriaan/.m2/repository/org/apache/maven/plugins/maven-jar-plugin/2.3.2/maven-jar-plugin-2.3.2.jar
7fa712603000-7fa712606000 ---p 00000000 00:00 0 
7fa712606000-7fa712704000 rw-p 00000000 00:00 0 
7fa712704000-7fa712707000 ---p 00000000 00:00 0 
7fa712707000-7fa712805000 rw-p 00000000 00:00 0 
7fa712805000-7fa712808000 ---p 00000000 00:00 0 
7fa712808000-7fa712b06000 rw-p 00000000 00:00 0 
7fa712b06000-7fa712b09000 ---p 00000000 00:00 0 
7fa712b09000-7fa712c07000 rw-p 00000000 00:00 0                          [stack:13377]
7fa712c07000-7fa712c0a000 ---p 00000000 00:00 0 
7fa712c0a000-7fa712d08000 rw-p 00000000 00:00 0                          [stack:13376]
7fa712d08000-7fa712d0b000 ---p 00000000 00:00 0 
7fa712d0b000-7fa712e09000 rw-p 00000000 00:00 0                          [stack:13375]
7fa712e09000-7fa712e0c000 ---p 00000000 00:00 0 
7fa712e0c000-7fa712f0a000 rw-p 00000000 00:00 0                          [stack:13374]
7fa712f0a000-7fa712f0d000 ---p 00000000 00:00 0 
7fa712f0d000-7fa71300b000 rw-p 00000000 00:00 0                          [stack:13373]
7fa71300b000-7fa71300e000 r--s 00034000 08:16 1210978                    /home/adriaan/.m2/repository/org/codehaus/plexus/plexus-utils/2.1/plexus-utils-2.1.jar
7fa71300e000-7fa713010000 r--s 00006000 08:16 1210975                    /home/adriaan/.m2/repository/org/apache/maven/shared/maven-common-artifact-filters/1.3/maven-common-artifact-filters-1.3.jar
7fa713010000-7fa713012000 r--s 0000d000 08:16 1210976                    /home/adriaan/.m2/repository/org/apache/maven/surefire/maven-surefire-common/2.10/maven-surefire-common-2.10.jar
7fa713012000-7fa713017000 r--s 00023000 08:16 1210977                    /home/adriaan/.m2/repository/org/apache/maven/surefire/surefire-api/2.10/surefire-api-2.10.jar
7fa713017000-7fa713019000 r--s 00007000 08:16 1210974                    /home/adriaan/.m2/repository/org/apache/maven/surefire/surefire-booter/2.10/surefire-booter-2.10.jar
7fa713019000-7fa71301b000 r--s 00006000 08:16 1210245                    /home/adriaan/.m2/repository/org/apache/maven/plugins/maven-surefire-plugin/2.10/maven-surefire-plugin-2.10.jar
7fa71301b000-7fa71301e000 r--s 0001b000 08:16 1211219                    /home/adriaan/.m2/repository/junit/junit/3.8.2/junit-3.8.2.jar
7fa71301e000-7fa71302c000 r--s 0008f000 08:16 1211217                    /home/adriaan/.m2/repository/com/google/collections/google-collections/1.0/google-collections-1.0.jar
7fa71302c000-7fa71302d000 r--s 0000a000 08:16 1211216                    /home/adriaan/.m2/repository/commons-logging/commons-logging-api/1.1/commons-logging-api-1.1.jar
7fa71302d000-7fa713034000 r--s 00051000 08:16 1211215                    /home/adriaan/.m2/repository/log4j/log4j/1.2.12/log4j-1.2.12.jar
7fa713034000-7fa713038000 r--s 0001d000 08:16 1211210                    /home/adriaan/.m2/repository/org/apache/xbean/xbean-reflect/3.4/xbean-reflect-3.4.jar
7fa713038000-7fa713039000 r--s 00004000 08:16 1211208                    /home/adriaan/.m2/repository/org/codehaus/plexus/plexus-compiler-javac/2.0/plexus-compiler-javac-2.0.jar
7fa713039000-7fa71303b000 r--s 00000000 08:16 1211209                    /home/adriaan/.m2/repository/org/codehaus/plexus/plexus-compiler-manager/2.0/plexus-compiler-manager-2.0.jar
7fa71303b000-7fa71303d000 r--s 00005000 08:16 1211204                    /home/adriaan/.m2/repository/org/codehaus/plexus/plexus-compiler-api/2.0/plexus-compiler-api-2.0.jar
7fa71303d000-7fa71303f000 r--s 00000000 08:16 1211200                    /home/adriaan/.m2/repository/org/codehaus/plexus/plexus-component-annotations/1.5.5/plexus-component-annotations-1.5.5.jar
7fa71303f000-7fa713041000 r--s 00002000 08:16 1211202                    /home/adriaan/.m2/repository/org/apache/maven/shared/maven-shared-incremental/1.0/maven-shared-incremental-1.0.jar
7fa713041000-7fa713043000 r--s 00006000 08:16 1210699                    /home/adriaan/.m2/repository/com/google/code/findbugs/jsr305/2.0.1/jsr305-2.0.1.jar
7fa713043000-7fa713046000 r--s 00023000 08:16 1211203                    /home/adriaan/.m2/repository/org/apache/maven/shared/maven-shared-utils/0.1/maven-shared-utils-0.1.jar
7fa713046000-7fa71304a000 r--s 00030000 08:16 1211201                    /home/adriaan/.m2/repository/org/codehaus/plexus/plexus-utils/1.5.1/plexus-utils-1.5.1.jar
7fa71304a000-7fa71304c000 r--s 00009000 08:16 1211038                    /home/adriaan/.m2/repository/org/apache/maven/plugins/maven-compiler-plugin/3.0/maven-compiler-plugin-3.0.jar
7fa71304c000-7fa71304e000 r--s 0000d000 08:16 1210905                    /home/adriaan/.m2/repository/org/codehaus/plexus/plexus-interpolation/1.13/plexus-interpolation-1.13.jar
7fa71304e000-7fa71304f000 r--s 00001000 08:16 1210904                    /home/adriaan/.m2/repository/org/sonatype/plexus/plexus-build-api/0.0.4/plexus-build-api-0.0.4.jar
7fa71304f000-7fa713051000 r--s 00009000 08:16 1210902                    /home/adriaan/.m2/repository/org/apache/maven/shared/maven-filtering/1.0/maven-filtering-1.0.jar
7fa713051000-7fa713055000 r--s 00033000 08:16 1210208                    /home/adriaan/.m2/repository/org/codehaus/plexus/plexus-utils/2.0.5/plexus-utils-2.0.5.jar
7fa713055000-7fa713058000 r--s 0001b000 08:16 1210207                    /home/adriaan/.m2/repository/junit/junit/3.8.1/junit-3.8.1.jar
7fa713058000-7fa713059000 r--s 00001000 08:16 1210903                    /home/adriaan/.m2/repository/org/apache/maven/doxia/doxia-sink-api/1.0-alpha-7/doxia-sink-api-1.0-alpha-7.jar
7fa713059000-7fa71305a000 r--s 00002000 08:16 1210901                    /home/adriaan/.m2/repository/org/apache/maven/reporting/maven-reporting-api/2.0.6/maven-reporting-api-2.0.6.jar
7fa71305a000-7fa71305c000 r--s 00005000 08:16 1210229                    /home/adriaan/.m2/repository/org/apache/maven/plugins/maven-resources-plugin/2.5/maven-resources-plugin-2.5.jar
7fa71305c000-7fa71305d000 r--s 00002000 08:16 1210148                    /home/adriaan/.m2/repository/org/codehaus/plexus/plexus-i18n/1.0-beta-6/plexus-i18n-1.0-beta-6.jar
7fa71305d000-7fa71305f000 r--s 00007000 08:16 1210147                    /home/adriaan/.m2/repository/org/apache/maven/shared/maven-dependency-tree/1.2/maven-dependency-tree-1.2.jar
7fa71305f000-7fa713064000 r--s 00040000 08:16 1210143                    /home/adriaan/.m2/repository/org/beanshell/bsh/2.0b4/bsh-2.0b4.jar
7fa713064000-7fa713066000 r--s 00006000 08:16 1210142                    /home/adriaan/.m2/repository/org/apache/maven/shared/maven-common-artifact-filters/1.2/maven-common-artifact-filters-1.2.jar
7fa713066000-7fa713068000 r--s 0000d000 08:16 1210141                    /home/adriaan/.m2/repository/org/apache/maven/enforcer/enforcer-rules/1.0/enforcer-rules-1.0.jar
7fa713068000-7fa713069000 r--s 00002000 08:16 1210137                    /home/adriaan/.m2/repository/org/apache/maven/enforcer/enforcer-api/1.0/enforcer-api-1.0.jar
7fa713069000-7fa71306d000 r--s 00038000 08:16 1210136                    /home/adriaan/.m2/repository/commons-lang/commons-lang/2.3/commons-lang-2.3.jar
7fa71306d000-7fa713072000 r--s 0003d000 08:16 1210134                    /home/adriaan/.m2/repository/org/codehaus/plexus/plexus-utils/1.5.8/plexus-utils-1.5.8.jar
7fa713072000-7fa713074000 r--s 00002000 08:16 1210133                    /home/adriaan/.m2/repository/org/codehaus/plexus/plexus-interactivity-api/1.0-alpha-4/plexus-interactivity-api-1.0-alpha-4.jar
7fa713074000-7fa713076000 r--s 00006000 08:16 1210132                    /home/adriaan/.m2/repository/commons-cli/commons-cli/1.0/commons-cli-1.0.jar
7fa713076000-7fa713077000 r--s 00002000 08:16 1210130                    /home/adriaan/.m2/repository/org/apache/maven/doxia/doxia-sink-api/1.0-alpha-10/doxia-sink-api-1.0-alpha-10.jar
7fa713077000-7fa713079000 r--s 00004000 08:16 1209948                    /home/adriaan/.m2/repository/org/apache/maven/plugins/maven-enforcer-plugin/1.0/maven-enforcer-plugin-1.0.jar
7fa713079000-7fa713279000 rw-p 00000000 00:00 0 
7fa713279000-7fa71328a000 r-xp 00000000 08:16 1239791                    /usr/lib/jvm/java-8-oracle/jre/lib/amd64/libnio.so
7fa71328a000-7fa713489000 ---p 00011000 08:16 1239791                    /usr/lib/jvm/java-8-oracle/jre/lib/amd64/libnio.so
7fa713489000-7fa71348a000 rw-p 00010000 08:16 1239791                    /usr/lib/jvm/java-8-oracle/jre/lib/amd64/libnio.so
7fa71348a000-7fa7134a0000 r-xp 00000000 08:16 1239780                    /usr/lib/jvm/java-8-oracle/jre/lib/amd64/libnet.so
7fa7134a0000-7fa7136a0000 ---p 00016000 08:16 1239780                    /usr/lib/jvm/java-8-oracle/jre/lib/amd64/libnet.so
7fa7136a0000-7fa7136a1000 rw-p 00016000 08:16 1239780                    /usr/lib/jvm/java-8-oracle/jre/lib/amd64/libnet.so
7fa7136a1000-7fa7136a4000 ---p 00000000 00:00 0 
7fa7136a4000-7fa7138da000 rw-p 00000000 00:00 0                          [stack:13372]
7fa7138da000-7fa7138df000 r--s 00094000 08:16 1239943                    /usr/lib/jvm/java-8-oracle/jre/lib/jsse.jar
7fa7138df000-7fa713adf000 rw-p 00000000 00:00 0 
7fa713adf000-7fa713afb000 r--s 00393000 08:16 1237612                    /usr/lib/jvm/java-8-oracle/jre/lib/ext/cldrdata.jar
7fa713afb000-7fa713afc000 ---p 00000000 00:00 0 
7fa713afc000-7fa713bfc000 rw-p 00000000 00:00 0                          [stack:13370]
7fa713bfc000-7fa713bff000 ---p 00000000 00:00 0 
7fa713bff000-7fa713cfd000 rw-p 00000000 00:00 0                          [stack:13369]
7fa713cfd000-7fa713d00000 ---p 00000000 00:00 0 
7fa713d00000-7fa713dfe000 rw-p 00000000 00:00 0                          [stack:13368]
7fa713dfe000-7fa713e01000 ---p 00000000 00:00 0 
7fa713e01000-7fa713eff000 rw-p 00000000 00:00 0                          [stack:13367]
7fa713eff000-7fa713f02000 ---p 00000000 00:00 0 
7fa713f02000-7fa714000000 rw-p 00000000 00:00 0                          [stack:13366]
7fa714000000-7fa714021000 rw-p 00000000 00:00 0 
7fa714021000-7fa718000000 ---p 00000000 00:00 0 
7fa718000000-7fa718034000 rw-p 00000000 00:00 0 
7fa718034000-7fa71c000000 ---p 00000000 00:00 0 
7fa71c000000-7fa71c021000 rw-p 00000000 00:00 0 
7fa71c021000-7fa720000000 ---p 00000000 00:00 0 
7fa720000000-7fa720021000 rw-p 00000000 00:00 0 
7fa720021000-7fa724000000 ---p 00000000 00:00 0 
7fa724000000-7fa724021000 rw-p 00000000 00:00 0 
7fa724021000-7fa728000000 ---p 00000000 00:00 0 
7fa728000000-7fa728021000 rw-p 00000000 00:00 0 
7fa728021000-7fa72c000000 ---p 00000000 00:00 0 
7fa72c000000-7fa72c021000 rw-p 00000000 00:00 0 
7fa72c021000-7fa730000000 ---p 00000000 00:00 0 
7fa730000000-7fa730001000 r--s 00002000 08:16 1210129                    /home/adriaan/.m2/repository/org/apache/maven/reporting/maven-reporting-api/2.0.9/maven-reporting-api-2.0.9.jar
7fa730001000-7fa730002000 r--p 00000000 00:00 0 
7fa730002000-7fa730004000 r--s 0000c000 08:16 1208522                    /home/adriaan/netbeans-8.0.2/java/maven-nblib/netbeans-eventspy.jar
7fa730004000-7fa73000f000 r--s 00116000 08:16 1237611                    /usr/lib/jvm/java-8-oracle/jre/lib/ext/localedata.jar
7fa73000f000-7fa730010000 r--s 00009000 08:16 1208542                    /home/adriaan/netbeans-8.0.2/java/maven/lib/commons-cli-1.2.jar
7fa730010000-7fa730013000 r--s 00008000 08:16 1208408                    /home/adriaan/netbeans-8.0.2/java/maven/lib/maven-settings-builder-3.0.5.jar
7fa730013000-7fa730016000 r--s 00033000 08:16 1208525                    /home/adriaan/netbeans-8.0.2/java/maven/lib/plexus-utils-2.0.6.jar
7fa730016000-7fa730018000 r--s 0000b000 08:16 1208498                    /home/adriaan/netbeans-8.0.2/java/maven/lib/wagon-provider-api-2.4.jar
7fa730018000-7fa73001a000 r--s 0000c000 08:16 1208424                    /home/adriaan/netbeans-8.0.2/java/maven/lib/maven-aether-provider-3.0.5.jar
7fa73001a000-7fa730026000 r--s 0007b000 08:16 1208539                    /home/adriaan/netbeans-8.0.2/java/maven/lib/maven-core-3.0.5.jar
7fa730026000-7fa73002e000 r--s 0004e000 08:16 1208487                    /home/adriaan/netbeans-8.0.2/java/maven/lib/sisu-guice-3.1.0-no_aop.jar
7fa73002e000-7fa730030000 r--s 00002000 08:16 1208532                    /home/adriaan/netbeans-8.0.2/java/maven/lib/plexus-cipher-1.7.jar
7fa730030000-7fa730032000 r--s 0000a000 08:16 1208515                    /home/adriaan/netbeans-8.0.2/java/maven/lib/maven-settings-3.0.5.jar
7fa730032000-7fa730034000 r--s 00006000 08:16 1208321                    /home/adriaan/netbeans-8.0.2/java/maven/lib/maven-repository-metadata-3.0.5.jar
7fa730034000-7fa730037000 r--s 00025000 08:16 1208531                    /home/adriaan/netbeans-8.0.2/java/maven/lib/maven-model-3.0.5.jar
7fa730037000-7fa73003d000 r--s 0003e000 08:16 1208528                    /home/adriaan/netbeans-8.0.2/java/maven/lib/maven-compat-3.0.5.jar
7fa73003d000-7fa73005b000 r--s 0014f000 08:16 1208540                    /home/adriaan/netbeans-8.0.2/java/maven/lib/sisu-guava-0.9.9.jar
7fa73005b000-7fa730076000 r--s 000e0000 08:16 1208508                    /home/adriaan/netbeans-8.0.2/java/maven/lib/wagon-http-2.4-shaded.jar
7fa730076000-7fa730079000 ---p 00000000 00:00 0 
7fa730079000-7fa730177000 rw-p 00000000 00:00 0                          [stack:13365]
7fa730177000-7fa73017a000 ---p 00000000 00:00 0 
7fa73017a000-7fa730278000 rw-p 00000000 00:00 0                          [stack:13364]
7fa730278000-7fa730541000 r--p 00000000 08:16 662714                     /usr/lib/locale/locale-archive
7fa730541000-7fa730544000 ---p 00000000 00:00 0 
7fa730544000-7fa730642000 rw-p 00000000 00:00 0                          [stack:13363]
7fa730642000-7fa730645000 ---p 00000000 00:00 0 
7fa730645000-7fa730743000 rw-p 00000000 00:00 0                          [stack:13362]
7fa730743000-7fa730744000 ---p 00000000 00:00 0 
7fa730744000-7fa732488000 rw-p 00000000 00:00 0                          [stack:13361]
7fa732488000-7fa732661000 r--s 03d09000 08:16 1237578                    /usr/lib/jvm/java-8-oracle/jre/lib/rt.jar
7fa732661000-7fa733e85000 rw-p 00000000 00:00 0 
7fa733e85000-7fa733e86000 ---p 00000000 00:00 0 
7fa733e86000-7fa733f86000 rw-p 00000000 00:00 0                          [stack:13360]
7fa733f86000-7fa733f87000 ---p 00000000 00:00 0 
7fa733f87000-7fa734087000 rw-p 00000000 00:00 0                          [stack:13359]
7fa734087000-7fa734088000 ---p 00000000 00:00 0 
7fa734088000-7fa734188000 rw-p 00000000 00:00 0                          [stack:13358]
7fa734188000-7fa734189000 ---p 00000000 00:00 0 
7fa734189000-7fa734289000 rw-p 00000000 00:00 0                          [stack:13357]
7fa734289000-7fa73428a000 ---p 00000000 00:00 0 
7fa73428a000-7fa73438a000 rw-p 00000000 00:00 0                          [stack:13356]
7fa73438a000-7fa73438b000 ---p 00000000 00:00 0 
7fa73438b000-7fa73448b000 rw-p 00000000 00:00 0                          [stack:13355]
7fa73448b000-7fa73448c000 ---p 00000000 00:00 0 
7fa73448c000-7fa734634000 rw-p 00000000 00:00 0                          [stack:13354]
7fa734634000-7fa735000000 ---p 00000000 00:00 0 
7fa735000000-7fa735e00000 rwxp 00000000 00:00 0 
7fa735e00000-7fa744000000 ---p 00000000 00:00 0 
7fa744000000-7fa744c24000 rw-p 00000000 00:00 0 
7fa744c24000-7fa748000000 ---p 00000000 00:00 0 
7fa748000000-7fa748001000 r--s 00002000 08:16 1208544                    /home/adriaan/netbeans-8.0.2/java/maven/lib/wagon-file-2.4.jar
7fa748001000-7fa748003000 r--s 0000d000 08:16 1208457                    /home/adriaan/netbeans-8.0.2/java/maven/lib/plexus-interpolation-1.14.jar
7fa748003000-7fa748005000 r--s 0000b000 08:16 1208513                    /home/adriaan/netbeans-8.0.2/java/maven/lib/maven-artifact-3.0.5.jar
7fa748005000-7fa7480af000 rw-p 00000000 00:00 0 
7fa7480af000-7fa7480b0000 ---p 00000000 00:00 0 
7fa7480b0000-7fa748258000 rw-p 00000000 00:00 0                          [stack:13353]
7fa748258000-7fa748c24000 ---p 00000000 00:00 0 
7fa748c24000-7fa748d35000 rw-p 00000000 00:00 0 
7fa748d35000-7fa74915e000 ---p 00000000 00:00 0 
7fa74915e000-7fa749197000 rw-p 00000000 00:00 0 
7fa749197000-7fa74951f000 ---p 00000000 00:00 0 
7fa74951f000-7fa749539000 r-xp 00000000 08:16 1239790                    /usr/lib/jvm/java-8-oracle/jre/lib/amd64/libzip.so
7fa749539000-7fa749739000 ---p 0001a000 08:16 1239790                    /usr/lib/jvm/java-8-oracle/jre/lib/amd64/libzip.so
7fa749739000-7fa74973a000 rw-p 0001a000 08:16 1239790                    /usr/lib/jvm/java-8-oracle/jre/lib/amd64/libzip.so
7fa74973a000-7fa749745000 r-xp 00000000 08:16 792375                     /lib/x86_64-linux-gnu/libnss_files-2.19.so
7fa749745000-7fa749944000 ---p 0000b000 08:16 792375                     /lib/x86_64-linux-gnu/libnss_files-2.19.so
7fa749944000-7fa749945000 r--p 0000a000 08:16 792375                     /lib/x86_64-linux-gnu/libnss_files-2.19.so
7fa749945000-7fa749946000 rw-p 0000b000 08:16 792375                     /lib/x86_64-linux-gnu/libnss_files-2.19.so
7fa749946000-7fa749951000 r-xp 00000000 08:16 795257                     /lib/x86_64-linux-gnu/libnss_nis-2.19.so
7fa749951000-7fa749b50000 ---p 0000b000 08:16 795257                     /lib/x86_64-linux-gnu/libnss_nis-2.19.so
7fa749b50000-7fa749b51000 r--p 0000a000 08:16 795257                     /lib/x86_64-linux-gnu/libnss_nis-2.19.so
7fa749b51000-7fa749b52000 rw-p 0000b000 08:16 795257                     /lib/x86_64-linux-gnu/libnss_nis-2.19.so
7fa749b52000-7fa749b69000 r-xp 00000000 08:16 795243                     /lib/x86_64-linux-gnu/libnsl-2.19.so
7fa749b69000-7fa749d68000 ---p 00017000 08:16 795243                     /lib/x86_64-linux-gnu/libnsl-2.19.so
7fa749d68000-7fa749d69000 r--p 00016000 08:16 795243                     /lib/x86_64-linux-gnu/libnsl-2.19.so
7fa749d69000-7fa749d6a000 rw-p 00017000 08:16 795243                     /lib/x86_64-linux-gnu/libnsl-2.19.so
7fa749d6a000-7fa749d6c000 rw-p 00000000 00:00 0 
7fa749d6c000-7fa749d75000 r-xp 00000000 08:16 795225                     /lib/x86_64-linux-gnu/libnss_compat-2.19.so
7fa749d75000-7fa749f74000 ---p 00009000 08:16 795225                     /lib/x86_64-linux-gnu/libnss_compat-2.19.so
7fa749f74000-7fa749f75000 r--p 00008000 08:16 795225                     /lib/x86_64-linux-gnu/libnss_compat-2.19.so
7fa749f75000-7fa749f76000 rw-p 00009000 08:16 795225                     /lib/x86_64-linux-gnu/libnss_compat-2.19.so
7fa749f76000-7fa749fa0000 r-xp 00000000 08:16 1239878                    /usr/lib/jvm/java-8-oracle/jre/lib/amd64/libjava.so
7fa749fa0000-7fa74a1a0000 ---p 0002a000 08:16 1239878                    /usr/lib/jvm/java-8-oracle/jre/lib/amd64/libjava.so
7fa74a1a0000-7fa74a1a2000 rw-p 0002a000 08:16 1239878                    /usr/lib/jvm/java-8-oracle/jre/lib/amd64/libjava.so
7fa74a1a2000-7fa74a1af000 r-xp 00000000 08:16 1239762                    /usr/lib/jvm/java-8-oracle/jre/lib/amd64/libverify.so
7fa74a1af000-7fa74a3af000 ---p 0000d000 08:16 1239762                    /usr/lib/jvm/java-8-oracle/jre/lib/amd64/libverify.so
7fa74a3af000-7fa74a3b1000 rw-p 0000d000 08:16 1239762                    /usr/lib/jvm/java-8-oracle/jre/lib/amd64/libverify.so
7fa74a3b1000-7fa74a3b8000 r-xp 00000000 08:16 795252                     /lib/x86_64-linux-gnu/librt-2.19.so
7fa74a3b8000-7fa74a5b7000 ---p 00007000 08:16 795252                     /lib/x86_64-linux-gnu/librt-2.19.so
7fa74a5b7000-7fa74a5b8000 r--p 00006000 08:16 795252                     /lib/x86_64-linux-gnu/librt-2.19.so
7fa74a5b8000-7fa74a5b9000 rw-p 00007000 08:16 795252                     /lib/x86_64-linux-gnu/librt-2.19.so
7fa74a5b9000-7fa74a6be000 r-xp 00000000 08:16 792352                     /lib/x86_64-linux-gnu/libm-2.19.so
7fa74a6be000-7fa74a8bd000 ---p 00105000 08:16 792352                     /lib/x86_64-linux-gnu/libm-2.19.so
7fa74a8bd000-7fa74a8be000 r--p 00104000 08:16 792352                     /lib/x86_64-linux-gnu/libm-2.19.so
7fa74a8be000-7fa74a8bf000 rw-p 00105000 08:16 792352                     /lib/x86_64-linux-gnu/libm-2.19.so
7fa74a8bf000-7fa74b56d000 r-xp 00000000 08:16 1239709                    /usr/lib/jvm/java-8-oracle/jre/lib/amd64/server/libjvm.so
7fa74b56d000-7fa74b76c000 ---p 00cae000 08:16 1239709                    /usr/lib/jvm/java-8-oracle/jre/lib/amd64/server/libjvm.so
7fa74b76c000-7fa74b843000 rw-p 00cad000 08:16 1239709                    /usr/lib/jvm/java-8-oracle/jre/lib/amd64/server/libjvm.so
7fa74b843000-7fa74b887000 rw-p 00000000 00:00 0 
7fa74b887000-7fa74ba42000 r-xp 00000000 08:16 795249                     /lib/x86_64-linux-gnu/libc-2.19.so
7fa74ba42000-7fa74bc41000 ---p 001bb000 08:16 795249                     /lib/x86_64-linux-gnu/libc-2.19.so
7fa74bc41000-7fa74bc45000 r--p 001ba000 08:16 795249                     /lib/x86_64-linux-gnu/libc-2.19.so
7fa74bc45000-7fa74bc47000 rw-p 001be000 08:16 795249                     /lib/x86_64-linux-gnu/libc-2.19.so
7fa74bc47000-7fa74bc4c000 rw-p 00000000 00:00 0 
7fa74bc4c000-7fa74bc4f000 r-xp 00000000 08:16 795220                     /lib/x86_64-linux-gnu/libdl-2.19.so
7fa74bc4f000-7fa74be4e000 ---p 00003000 08:16 795220                     /lib/x86_64-linux-gnu/libdl-2.19.so
7fa74be4e000-7fa74be4f000 r--p 00002000 08:16 795220                     /lib/x86_64-linux-gnu/libdl-2.19.so
7fa74be4f000-7fa74be50000 rw-p 00003000 08:16 795220                     /lib/x86_64-linux-gnu/libdl-2.19.so
7fa74be50000-7fa74be65000 r-xp 00000000 08:16 1225528                    /usr/lib/jvm/java-8-oracle/lib/amd64/jli/libjli.so
7fa74be65000-7fa74c065000 ---p 00015000 08:16 1225528                    /usr/lib/jvm/java-8-oracle/lib/amd64/jli/libjli.so
7fa74c065000-7fa74c066000 rw-p 00015000 08:16 1225528                    /usr/lib/jvm/java-8-oracle/lib/amd64/jli/libjli.so
7fa74c066000-7fa74c07f000 r-xp 00000000 08:16 795250                     /lib/x86_64-linux-gnu/libpthread-2.19.so
7fa74c07f000-7fa74c27e000 ---p 00019000 08:16 795250                     /lib/x86_64-linux-gnu/libpthread-2.19.so
7fa74c27e000-7fa74c27f000 r--p 00018000 08:16 795250                     /lib/x86_64-linux-gnu/libpthread-2.19.so
7fa74c27f000-7fa74c280000 rw-p 00019000 08:16 795250                     /lib/x86_64-linux-gnu/libpthread-2.19.so
7fa74c280000-7fa74c284000 rw-p 00000000 00:00 0 
7fa74c284000-7fa74c2a7000 r-xp 00000000 08:16 795246                     /lib/x86_64-linux-gnu/ld-2.19.so
7fa74c2a7000-7fa74c2a9000 r--s 00009000 08:16 1208514                    /home/adriaan/netbeans-8.0.2/java/maven/lib/maven-embedder-3.0.5.jar
7fa74c2a9000-7fa74c2ad000 r--s 0001c000 08:16 1208527                    /home/adriaan/netbeans-8.0.2/java/maven/lib/aether-util-1.13.1.jar
7fa74c2ad000-7fa74c2af000 r--s 00000000 08:16 1208218                    /home/adriaan/netbeans-8.0.2/java/maven/lib/plexus-component-annotations-1.5.5.jar
7fa74c2af000-7fa74c2b5000 r--s 0002b000 08:16 1208476                    /home/adriaan/netbeans-8.0.2/java/maven/lib/sisu-inject-plexus-2.3.0.jar
7fa74c2b5000-7fa74c37a000 rw-p 00000000 00:00 0 
7fa74c37a000-7fa74c37d000 ---p 00000000 00:00 0 
7fa74c37d000-7fa74c47f000 rw-p 00000000 00:00 0                          [stack:13352]
7fa74c47f000-7fa74c480000 r--s 00003000 08:16 1208534                    /home/adriaan/netbeans-8.0.2/java/maven/lib/aether-spi-1.13.1.jar
7fa74c480000-7fa74c481000 r--s 00006000 08:16 1208456                    /home/adriaan/netbeans-8.0.2/java/maven/lib/plexus-sec-dispatcher-1.3.jar
7fa74c481000-7fa74c483000 r--s 0000a000 08:16 1208499                    /home/adriaan/netbeans-8.0.2/java/maven/lib/maven-plugin-api-3.0.5.jar
7fa74c483000-7fa74c488000 r--s 00020000 08:16 1208455                    /home/adriaan/netbeans-8.0.2/java/maven/lib/maven-model-builder-3.0.5.jar
7fa74c488000-7fa74c48f000 r--s 0003e000 08:16 1208500                    /home/adriaan/netbeans-8.0.2/java/maven/lib/sisu-inject-bean-2.3.0.jar
7fa74c48f000-7fa74c493000 r--s 00012000 08:16 1208533                    /home/adriaan/netbeans-8.0.2/java/maven/lib/aether-api-1.13.1.jar
7fa74c493000-7fa74c496000 r--s 0001d000 08:16 1208526                    /home/adriaan/netbeans-8.0.2/java/maven/lib/aether-impl-1.13.1.jar
7fa74c496000-7fa74c498000 r--s 00006000 08:16 1208383                    /home/adriaan/netbeans-8.0.2/java/maven/lib/aether-connector-wagon-1.13.1.jar
7fa74c498000-7fa74c49a000 r--s 0000a000 08:16 1208488                    /home/adriaan/netbeans-8.0.2/java/maven/boot/plexus-classworlds-2.4.jar
7fa74c49a000-7fa74c4a2000 rw-s 00000000 08:16 1179667                    /tmp/hsperfdata_adriaan/13349
7fa74c4a2000-7fa74c4a3000 rw-p 00000000 00:00 0 
7fa74c4a3000-7fa74c4a4000 ---p 00000000 00:00 0 
7fa74c4a4000-7fa74c4a6000 rw-p 00000000 00:00 0 
7fa74c4a6000-7fa74c4a7000 r--p 00022000 08:16 795246                     /lib/x86_64-linux-gnu/ld-2.19.so
7fa74c4a7000-7fa74c4a8000 rw-p 00023000 08:16 795246                     /lib/x86_64-linux-gnu/ld-2.19.so
7fa74c4a8000-7fa74c4a9000 rw-p 00000000 00:00 0 
7ffc00952000-7ffc00973000 rw-p 00000000 00:00 0                          [stack]
7ffc009f9000-7ffc009fb000 r-xp 00000000 00:00 0                          [vdso]
ffffffffff600000-ffffffffff601000 r-xp 00000000 00:00 0                  [vsyscall]

VM Arguments:
jvm_args: -Dclassworlds.conf=/home/adriaan/netbeans-8.0.2/java/maven/bin/m2.conf -Dmaven.home=/home/adriaan/netbeans-8.0.2/java/maven 
java_command: org.codehaus.plexus.classworlds.launcher.Launcher -Dmaven.ext.class.path=/home/adriaan/netbeans-8.0.2/java/maven-nblib/netbeans-eventspy.jar install
java_class_path (initial): /home/adriaan/netbeans-8.0.2/java/maven/boot/plexus-classworlds-2.4.jar
Launcher Type: SUN_STANDARD

Environment Variables:
JAVA_HOME=/usr/lib/jvm/java-8-oracle
PATH=/usr/local/sbin:/usr/local/bin:/usr/sbin:/usr/bin:/sbin:/bin:/usr/games:/usr/local/games:/usr/lib/jvm/java-8-oracle/bin:/usr/lib/jvm/java-8-oracle/db/bin:/usr/lib/jvm/java-8-oracle/jre/bin:/opt/novell/iprint/bin
LD_LIBRARY_PATH=/usr/lib/jvm/default-java/jre/lib/amd64:/usr/lib/jvm/default-java/jre/lib/i386:
SHELL=/bin/bash
DISPLAY=:0

Signal Handlers:
SIGSEGV: [libjvm.so+0xaad1e0], sa_mask[0]=11111111011111111101111111111110, sa_flags=SA_RESTART|SA_SIGINFO
SIGBUS: [libjvm.so+0xaad1e0], sa_mask[0]=11111111011111111101111111111110, sa_flags=SA_RESTART|SA_SIGINFO
SIGFPE: [libjvm.so+0x90b450], sa_mask[0]=11111111011111111101111111111110, sa_flags=SA_RESTART|SA_SIGINFO
SIGPIPE: [libjvm.so+0x90b450], sa_mask[0]=11111111011111111101111111111110, sa_flags=SA_RESTART|SA_SIGINFO
SIGXFSZ: [libjvm.so+0x90b450], sa_mask[0]=11111111011111111101111111111110, sa_flags=SA_RESTART|SA_SIGINFO
SIGILL: [libjvm.so+0x90b450], sa_mask[0]=11111111011111111101111111111110, sa_flags=SA_RESTART|SA_SIGINFO
SIGUSR1: SIG_DFL, sa_mask[0]=00000000000000000000000000000000, sa_flags=none
SIGUSR2: [libjvm.so+0x90ca90], sa_mask[0]=00100000000000000000000000000000, sa_flags=SA_RESTART|SA_SIGINFO
SIGHUP: [libjvm.so+0x90dde0], sa_mask[0]=11111111011111111101111111111110, sa_flags=SA_RESTART|SA_SIGINFO
SIGINT: SIG_IGN, sa_mask[0]=00000000000000000000000000000000, sa_flags=none
SIGTERM: [libjvm.so+0x90dde0], sa_mask[0]=11111111011111111101111111111110, sa_flags=SA_RESTART|SA_SIGINFO
SIGQUIT: [libjvm.so+0x90dde0], sa_mask[0]=11111111011111111101111111111110, sa_flags=SA_RESTART|SA_SIGINFO


---------------  S Y S T E M  ---------------

OS:DISTRIB_ID=Ubuntu
DISTRIB_RELEASE=14.04
DISTRIB_CODENAME=trusty
DISTRIB_DESCRIPTION="Ubuntu 14.04.2 LTS"

uname:Linux 3.13.0-57-generic #95-Ubuntu SMP Fri Jun 19 09:28:15 UTC 2015 x86_64
libc:glibc 2.19 NPTL 2.19 
rlimit: STACK 8192k, CORE 0k, NPROC 256697, NOFILE 4096, AS infinity
load average:3.52 3.37 5.59

/proc/meminfo:
MemTotal:       32879072 kB
MemFree:          237224 kB
Buffers:           74472 kB
Cached:           400924 kB
SwapCached:            0 kB
Active:         31855732 kB
Inactive:         300548 kB
Active(anon):   31681816 kB
Inactive(anon):   129504 kB
Active(file):     173916 kB
Inactive(file):   171044 kB
Unevictable:          48 kB
Mlocked:              48 kB
SwapTotal:             0 kB
SwapFree:              0 kB
Dirty:             17964 kB
Writeback:             0 kB
AnonPages:      31680724 kB
Mapped:           263268 kB
Shmem:            131068 kB
Slab:             106788 kB
SReclaimable:      56432 kB
SUnreclaim:        50356 kB
KernelStack:        6024 kB
PageTables:        97756 kB
NFS_Unstable:          0 kB
Bounce:                0 kB
WritebackTmp:          0 kB
CommitLimit:    16439536 kB
Committed_AS:   41966588 kB
VmallocTotal:   34359738367 kB
VmallocUsed:      362128 kB
VmallocChunk:   34359369212 kB
HardwareCorrupted:     0 kB
AnonHugePages:  27332608 kB
HugePages_Total:       0
HugePages_Free:        0
HugePages_Rsvd:        0
HugePages_Surp:        0
Hugepagesize:       2048 kB
DirectMap4k:     1021808 kB
DirectMap2M:    32462848 kB


CPU:total 8 (4 cores per cpu, 2 threads per core) family 6 model 58 stepping 9, cmov, cx8, fxsr, mmx, sse, sse2, sse3, ssse3, sse4.1, sse4.2, popcnt, avx, aes, clmul, erms, ht, tsc, tscinvbit, tscinv

/proc/cpuinfo:
processor	: 0
vendor_id	: GenuineIntel
cpu family	: 6
model		: 58
model name	: Intel(R) Core(TM) i7-3630QM CPU @ 2.40GHz
stepping	: 9
microcode	: 0x16
cpu MHz		: 2401.000
cache size	: 6144 KB
physical id	: 0
siblings	: 8
core id		: 0
cpu cores	: 4
apicid		: 0
initial apicid	: 0
fpu		: yes
fpu_exception	: yes
cpuid level	: 13
wp		: yes
flags		: fpu vme de pse tsc msr pae mce cx8 apic sep mtrr pge mca cmov pat pse36 clflush dts acpi mmx fxsr sse sse2 ss ht tm pbe syscall nx rdtscp lm constant_tsc arch_perfmon pebs bts rep_good nopl xtopology nonstop_tsc aperfmperf eagerfpu pni pclmulqdq dtes64 monitor ds_cpl vmx est tm2 ssse3 cx16 xtpr pdcm pcid sse4_1 sse4_2 x2apic popcnt tsc_deadline_timer aes xsave avx f16c rdrand lahf_lm ida arat epb xsaveopt pln pts dtherm tpr_shadow vnmi flexpriority ept vpid fsgsbase smep erms
bogomips	: 4789.17
clflush size	: 64
cache_alignment	: 64
address sizes	: 36 bits physical, 48 bits virtual
power management:

processor	: 1
vendor_id	: GenuineIntel
cpu family	: 6
model		: 58
model name	: Intel(R) Core(TM) i7-3630QM CPU @ 2.40GHz
stepping	: 9
microcode	: 0x16
cpu MHz		: 1200.000
cache size	: 6144 KB
physical id	: 0
siblings	: 8
core id		: 0
cpu cores	: 4
apicid		: 1
initial apicid	: 1
fpu		: yes
fpu_exception	: yes
cpuid level	: 13
wp		: yes
flags		: fpu vme de pse tsc msr pae mce cx8 apic sep mtrr pge mca cmov pat pse36 clflush dts acpi mmx fxsr sse sse2 ss ht tm pbe syscall nx rdtscp lm constant_tsc arch_perfmon pebs bts rep_good nopl xtopology nonstop_tsc aperfmperf eagerfpu pni pclmulqdq dtes64 monitor ds_cpl vmx est tm2 ssse3 cx16 xtpr pdcm pcid sse4_1 sse4_2 x2apic popcnt tsc_deadline_timer aes xsave avx f16c rdrand lahf_lm ida arat epb xsaveopt pln pts dtherm tpr_shadow vnmi flexpriority ept vpid fsgsbase smep erms
bogomips	: 4789.17
clflush size	: 64
cache_alignment	: 64
address sizes	: 36 bits physical, 48 bits virtual
power management:

processor	: 2
vendor_id	: GenuineIntel
cpu family	: 6
model		: 58
model name	: Intel(R) Core(TM) i7-3630QM CPU @ 2.40GHz
stepping	: 9
microcode	: 0x16
cpu MHz		: 1200.000
cache size	: 6144 KB
physical id	: 0
siblings	: 8
core id		: 1
cpu cores	: 4
apicid		: 2
initial apicid	: 2
fpu		: yes
fpu_exception	: yes
cpuid level	: 13
wp		: yes
flags		: fpu vme de pse tsc msr pae mce cx8 apic sep mtrr pge mca cmov pat pse36 clflush dts acpi mmx fxsr sse sse2 ss ht tm pbe syscall nx rdtscp lm constant_tsc arch_perfmon pebs bts rep_good nopl xtopology nonstop_tsc aperfmperf eagerfpu pni pclmulqdq dtes64 monitor ds_cpl vmx est tm2 ssse3 cx16 xtpr pdcm pcid sse4_1 sse4_2 x2apic popcnt tsc_deadline_timer aes xsave avx f16c rdrand lahf_lm ida arat epb xsaveopt pln pts dtherm tpr_shadow vnmi flexpriority ept vpid fsgsbase smep erms
bogomips	: 4789.17
clflush size	: 64
cache_alignment	: 64
address sizes	: 36 bits physical, 48 bits virtual
power management:

processor	: 3
vendor_id	: GenuineIntel
cpu family	: 6
model		: 58
model name	: Intel(R) Core(TM) i7-3630QM CPU @ 2.40GHz
stepping	: 9
microcode	: 0x16
cpu MHz		: 1500.000
cache size	: 6144 KB
physical id	: 0
siblings	: 8
core id		: 1
cpu cores	: 4
apicid		: 3
initial apicid	: 3
fpu		: yes
fpu_exception	: yes
cpuid level	: 13
wp		: yes
flags		: fpu vme de pse tsc msr pae mce cx8 apic sep mtrr pge mca cmov pat pse36 clflush dts acpi mmx fxsr sse sse2 ss ht tm pbe syscall nx rdtscp lm constant_tsc arch_perfmon pebs bts rep_good nopl xtopology nonstop_tsc aperfmperf eagerfpu pni pclmulqdq dtes64 monitor ds_cpl vmx est tm2 ssse3 cx16 xtpr pdcm pcid sse4_1 sse4_2 x2apic popcnt tsc_deadline_timer aes xsave avx f16c rdrand lahf_lm ida arat epb xsaveopt pln pts dtherm tpr_shadow vnmi flexpriority ept vpid fsgsbase smep erms
bogomips	: 4789.17
clflush size	: 64
cache_alignment	: 64
address sizes	: 36 bits physical, 48 bits virtual
power management:

processor	: 4
vendor_id	: GenuineIntel
cpu family	: 6
model		: 58
model name	: Intel(R) Core(TM) i7-3630QM CPU @ 2.40GHz
stepping	: 9
microcode	: 0x16
cpu MHz		: 1200.000
cache size	: 6144 KB
physical id	: 0
siblings	: 8
core id		: 2
cpu cores	: 4
apicid		: 4
initial apicid	: 4
fpu		: yes
fpu_exception	: yes
cpuid level	: 13
wp		: yes
flags		: fpu vme de pse tsc msr pae mce cx8 apic sep mtrr pge mca cmov pat pse36 clflush dts acpi mmx fxsr sse sse2 ss ht tm pbe syscall nx rdtscp lm constant_tsc arch_perfmon pebs bts rep_good nopl xtopology nonstop_tsc aperfmperf eagerfpu pni pclmulqdq dtes64 monitor ds_cpl vmx est tm2 ssse3 cx16 xtpr pdcm pcid sse4_1 sse4_2 x2apic popcnt tsc_deadline_timer aes xsave avx f16c rdrand lahf_lm ida arat epb xsaveopt pln pts dtherm tpr_shadow vnmi flexpriority ept vpid fsgsbase smep erms
bogomips	: 4789.17
clflush size	: 64
cache_alignment	: 64
address sizes	: 36 bits physical, 48 bits virtual
power management:

processor	: 5
vendor_id	: GenuineIntel
cpu family	: 6
model		: 58
model name	: Intel(R) Core(TM) i7-3630QM CPU @ 2.40GHz
stepping	: 9
microcode	: 0x16
cpu MHz		: 1200.000
cache size	: 6144 KB
physical id	: 0
siblings	: 8
core id		: 2
cpu cores	: 4
apicid		: 5
initial apicid	: 5
fpu		: yes
fpu_exception	: yes
cpuid level	: 13
wp		: yes
flags		: fpu vme de pse tsc msr pae mce cx8 apic sep mtrr pge mca cmov pat pse36 clflush dts acpi mmx fxsr sse sse2 ss ht tm pbe syscall nx rdtscp lm constant_tsc arch_perfmon pebs bts rep_good nopl xtopology nonstop_tsc aperfmperf eagerfpu pni pclmulqdq dtes64 monitor ds_cpl vmx est tm2 ssse3 cx16 xtpr pdcm pcid sse4_1 sse4_2 x2apic popcnt tsc_deadline_timer aes xsave avx f16c rdrand lahf_lm ida arat epb xsaveopt pln pts dtherm tpr_shadow vnmi flexpriority ept vpid fsgsbase smep erms
bogomips	: 4789.17
clflush size	: 64
cache_alignment	: 64
address sizes	: 36 bits physical, 48 bits virtual
power management:

processor	: 6
vendor_id	: GenuineIntel
cpu family	: 6
model		: 58
model name	: Intel(R) Core(TM) i7-3630QM CPU @ 2.40GHz
stepping	: 9
microcode	: 0x16
cpu MHz		: 2200.000
cache size	: 6144 KB
physical id	: 0
siblings	: 8
core id		: 3
cpu cores	: 4
apicid		: 6
initial apicid	: 6
fpu		: yes
fpu_exception	: yes
cpuid level	: 13
wp		: yes
flags		: fpu vme de pse tsc msr pae mce cx8 apic sep mtrr pge mca cmov pat pse36 clflush dts acpi mmx fxsr sse sse2 ss ht tm pbe syscall nx rdtscp lm constant_tsc arch_perfmon pebs bts rep_good nopl xtopology nonstop_tsc aperfmperf eagerfpu pni pclmulqdq dtes64 monitor ds_cpl vmx est tm2 ssse3 cx16 xtpr pdcm pcid sse4_1 sse4_2 x2apic popcnt tsc_deadline_timer aes xsave avx f16c rdrand lahf_lm ida arat epb xsaveopt pln pts dtherm tpr_shadow vnmi flexpriority ept vpid fsgsbase smep erms
bogomips	: 4789.17
clflush size	: 64
cache_alignment	: 64
address sizes	: 36 bits physical, 48 bits virtual
power management:

processor	: 7
vendor_id	: GenuineIntel
cpu family	: 6
model		: 58
model name	: Intel(R) Core(TM) i7-3630QM CPU @ 2.40GHz
stepping	: 9
microcode	: 0x16
cpu MHz		: 2000.000
cache size	: 6144 KB
physical id	: 0
siblings	: 8
core id		: 3
cpu cores	: 4
apicid		: 7
initial apicid	: 7
fpu		: yes
fpu_exception	: yes
cpuid level	: 13
wp		: yes
flags		: fpu vme de pse tsc msr pae mce cx8 apic sep mtrr pge mca cmov pat pse36 clflush dts acpi mmx fxsr sse sse2 ss ht tm pbe syscall nx rdtscp lm constant_tsc arch_perfmon pebs bts rep_good nopl xtopology nonstop_tsc aperfmperf eagerfpu pni pclmulqdq dtes64 monitor ds_cpl vmx est tm2 ssse3 cx16 xtpr pdcm pcid sse4_1 sse4_2 x2apic popcnt tsc_deadline_timer aes xsave avx f16c rdrand lahf_lm ida arat epb xsaveopt pln pts dtherm tpr_shadow vnmi flexpriority ept vpid fsgsbase smep erms
bogomips	: 4789.17
clflush size	: 64
cache_alignment	: 64
address sizes	: 36 bits physical, 48 bits virtual
power management:



Memory: 4k page, physical 32879072k(236852k free), swap 0k(0k free)

vm_info: Java HotSpot(TM) 64-Bit Server VM (25.45-b02) for linux-amd64 JRE (1.8.0_45-b14), built on Apr 10 2015 10:07:45 by "java_re" with gcc 4.3.0 20080428 (Red Hat 4.3.0-8)

time: Fri Aug 21 16:30:17 2015
elapsed time: 8 seconds (0d 0h 0m 8s)

