#
# There is insufficient memory for the Java Runtime Environment to continue.
# Native memory allocation (mmap) failed to map 9663676416 bytes for committing reserved memory.
# Possible reasons:
#   The system is out of physical RAM or swap space
#   In 32 bit mode, the process size limit was hit
# Possible solutions:
#   Reduce memory load on the system
#   Increase physical memory or swap space
#   Check if swap backing store is full
#   Use 64 bit Java on a 64 bit OS
#   Decrease Java heap size (-Xmx/-Xms)
#   Decrease number of Java threads
#   Decrease Java thread stack sizes (-Xss)
#   Set larger code cache with -XX:ReservedCodeCacheSize=
# This output file may be truncated or incomplete.
#
#  Out of Memory Error (os_linux.cpp:2673), pid=7857, tid=139675140437760
#
# JRE version:  (8.0_45-b14) (build )
# Java VM: Java HotSpot(TM) 64-Bit Server VM (25.45-b02 mixed mode linux-amd64 compressed oops)
# Failed to write core dump. Core dumps have been disabled. To enable core dumping, try "ulimit -c unlimited" before starting Java again
#

---------------  T H R E A D  ---------------

Current thread (0x00007f08a000d000):  JavaThread "Unknown thread" [_thread_in_vm, id=7861, stack(0x00007f08a7113000,0x00007f08a7214000)]

Stack: [0x00007f08a7113000,0x00007f08a7214000],  sp=0x00007f08a72123b0,  free space=1020k
Native frames: (J=compiled Java code, j=interpreted, Vv=VM code, C=native code)
V  [libjvm.so+0xaac99a]  VMError::report_and_die()+0x2ba
V  [libjvm.so+0x4f333b]  report_vm_out_of_memory(char const*, int, unsigned long, VMErrorType, char const*)+0x8b
V  [libjvm.so+0x90e7c3]  os::Linux::commit_memory_impl(char*, unsigned long, bool)+0x103
V  [libjvm.so+0x90ed19]  os::pd_commit_memory(char*, unsigned long, unsigned long, bool)+0x29
V  [libjvm.so+0x90867a]  os::commit_memory(char*, unsigned long, unsigned long, bool)+0x2a
V  [libjvm.so+0x97bac3]  PSVirtualSpace::expand_by(unsigned long)+0x53
V  [libjvm.so+0x97ca85]  PSYoungGen::initialize_virtual_space(ReservedSpace, unsigned long)+0x75
V  [libjvm.so+0x97d3ee]  PSYoungGen::initialize(ReservedSpace, unsigned long)+0x3e
V  [libjvm.so+0x2d4c85]  AdjoiningGenerations::AdjoiningGenerations(ReservedSpace, GenerationSizer*, unsigned long)+0x345
V  [libjvm.so+0x931716]  ParallelScavengeHeap::initialize()+0x1d6
V  [libjvm.so+0xa75aab]  Universe::initialize_heap()+0xfb
V  [libjvm.so+0xa75e1e]  universe_init()+0x3e
V  [libjvm.so+0x62f635]  init_globals()+0x65
V  [libjvm.so+0xa5a02e]  Threads::create_vm(JavaVMInitArgs*, bool*)+0x23e
V  [libjvm.so+0x6c3244]  JNI_CreateJavaVM+0x74
C  [libjli.so+0x745e]  JavaMain+0x9e
C  [libpthread.so.0+0x8182]  start_thread+0xc2


---------------  P R O C E S S  ---------------

Java Threads: ( => current thread )

Other Threads:

=>0x00007f08a000d000 (exited) JavaThread "Unknown thread" [_thread_in_vm, id=7861, stack(0x00007f08a7113000,0x00007f08a7214000)]

VM state:not at safepoint (not fully initialized)

VM Mutex/Monitor currently owned by a thread: None

GC Heap History (0 events):
No events

Deoptimization events (0 events):
No events

Internal exceptions (0 events):
No events

Events (0 events):
No events


Dynamic libraries:
00400000-00401000 r-xp 00000000 08:16 1163529                            /usr/lib/jvm/java-8-oracle/bin/java
00600000-00601000 rw-p 00000000 08:16 1163529                            /usr/lib/jvm/java-8-oracle/bin/java
01020000-01041000 rw-p 00000000 00:00 0                                  [heap]
100000000-580000000 ---p 00000000 00:00 0 
7f088d63f000-7f0890c3f000 ---p 00000000 00:00 0 
7f0890c3f000-7f0890c4a000 rw-p 00000000 00:00 0 
7f0890c4a000-7f0891000000 ---p 00000000 00:00 0 
7f0891000000-7f0891270000 rwxp 00000000 00:00 0 
7f0891270000-7f08a0000000 ---p 00000000 00:00 0 
7f08a0000000-7f08a0034000 rw-p 00000000 00:00 0 
7f08a0034000-7f08a4000000 ---p 00000000 00:00 0 
7f08a4034000-7f08a42b8000 rw-p 00000000 00:00 0 
7f08a42b8000-7f08a42d2000 r-xp 00000000 08:16 1239790                    /usr/lib/jvm/java-8-oracle/jre/lib/amd64/libzip.so
7f08a42d2000-7f08a44d2000 ---p 0001a000 08:16 1239790                    /usr/lib/jvm/java-8-oracle/jre/lib/amd64/libzip.so
7f08a44d2000-7f08a44d3000 rw-p 0001a000 08:16 1239790                    /usr/lib/jvm/java-8-oracle/jre/lib/amd64/libzip.so
7f08a44d3000-7f08a44de000 r-xp 00000000 08:16 792375                     /lib/x86_64-linux-gnu/libnss_files-2.19.so
7f08a44de000-7f08a46dd000 ---p 0000b000 08:16 792375                     /lib/x86_64-linux-gnu/libnss_files-2.19.so
7f08a46dd000-7f08a46de000 r--p 0000a000 08:16 792375                     /lib/x86_64-linux-gnu/libnss_files-2.19.so
7f08a46de000-7f08a46df000 rw-p 0000b000 08:16 792375                     /lib/x86_64-linux-gnu/libnss_files-2.19.so
7f08a46df000-7f08a46ea000 r-xp 00000000 08:16 795257                     /lib/x86_64-linux-gnu/libnss_nis-2.19.so
7f08a46ea000-7f08a48e9000 ---p 0000b000 08:16 795257                     /lib/x86_64-linux-gnu/libnss_nis-2.19.so
7f08a48e9000-7f08a48ea000 r--p 0000a000 08:16 795257                     /lib/x86_64-linux-gnu/libnss_nis-2.19.so
7f08a48ea000-7f08a48eb000 rw-p 0000b000 08:16 795257                     /lib/x86_64-linux-gnu/libnss_nis-2.19.so
7f08a48eb000-7f08a4902000 r-xp 00000000 08:16 795243                     /lib/x86_64-linux-gnu/libnsl-2.19.so
7f08a4902000-7f08a4b01000 ---p 00017000 08:16 795243                     /lib/x86_64-linux-gnu/libnsl-2.19.so
7f08a4b01000-7f08a4b02000 r--p 00016000 08:16 795243                     /lib/x86_64-linux-gnu/libnsl-2.19.so
7f08a4b02000-7f08a4b03000 rw-p 00017000 08:16 795243                     /lib/x86_64-linux-gnu/libnsl-2.19.so
7f08a4b03000-7f08a4b05000 rw-p 00000000 00:00 0 
7f08a4b05000-7f08a4b0e000 r-xp 00000000 08:16 795225                     /lib/x86_64-linux-gnu/libnss_compat-2.19.so
7f08a4b0e000-7f08a4d0d000 ---p 00009000 08:16 795225                     /lib/x86_64-linux-gnu/libnss_compat-2.19.so
7f08a4d0d000-7f08a4d0e000 r--p 00008000 08:16 795225                     /lib/x86_64-linux-gnu/libnss_compat-2.19.so
7f08a4d0e000-7f08a4d0f000 rw-p 00009000 08:16 795225                     /lib/x86_64-linux-gnu/libnss_compat-2.19.so
7f08a4d0f000-7f08a4d39000 r-xp 00000000 08:16 1239878                    /usr/lib/jvm/java-8-oracle/jre/lib/amd64/libjava.so
7f08a4d39000-7f08a4f39000 ---p 0002a000 08:16 1239878                    /usr/lib/jvm/java-8-oracle/jre/lib/amd64/libjava.so
7f08a4f39000-7f08a4f3b000 rw-p 0002a000 08:16 1239878                    /usr/lib/jvm/java-8-oracle/jre/lib/amd64/libjava.so
7f08a4f3b000-7f08a4f48000 r-xp 00000000 08:16 1239762                    /usr/lib/jvm/java-8-oracle/jre/lib/amd64/libverify.so
7f08a4f48000-7f08a5148000 ---p 0000d000 08:16 1239762                    /usr/lib/jvm/java-8-oracle/jre/lib/amd64/libverify.so
7f08a5148000-7f08a514a000 rw-p 0000d000 08:16 1239762                    /usr/lib/jvm/java-8-oracle/jre/lib/amd64/libverify.so
7f08a514a000-7f08a5151000 r-xp 00000000 08:16 795252                     /lib/x86_64-linux-gnu/librt-2.19.so
7f08a5151000-7f08a5350000 ---p 00007000 08:16 795252                     /lib/x86_64-linux-gnu/librt-2.19.so
7f08a5350000-7f08a5351000 r--p 00006000 08:16 795252                     /lib/x86_64-linux-gnu/librt-2.19.so
7f08a5351000-7f08a5352000 rw-p 00007000 08:16 795252                     /lib/x86_64-linux-gnu/librt-2.19.so
7f08a5352000-7f08a5457000 r-xp 00000000 08:16 792352                     /lib/x86_64-linux-gnu/libm-2.19.so
7f08a5457000-7f08a5656000 ---p 00105000 08:16 792352                     /lib/x86_64-linux-gnu/libm-2.19.so
7f08a5656000-7f08a5657000 r--p 00104000 08:16 792352                     /lib/x86_64-linux-gnu/libm-2.19.so
7f08a5657000-7f08a5658000 rw-p 00105000 08:16 792352                     /lib/x86_64-linux-gnu/libm-2.19.so
7f08a5658000-7f08a6306000 r-xp 00000000 08:16 1239709                    /usr/lib/jvm/java-8-oracle/jre/lib/amd64/server/libjvm.so
7f08a6306000-7f08a6505000 ---p 00cae000 08:16 1239709                    /usr/lib/jvm/java-8-oracle/jre/lib/amd64/server/libjvm.so
7f08a6505000-7f08a65dc000 rw-p 00cad000 08:16 1239709                    /usr/lib/jvm/java-8-oracle/jre/lib/amd64/server/libjvm.so
7f08a65dc000-7f08a6620000 rw-p 00000000 00:00 0 
7f08a6620000-7f08a67db000 r-xp 00000000 08:16 795249                     /lib/x86_64-linux-gnu/libc-2.19.so
7f08a67db000-7f08a69da000 ---p 001bb000 08:16 795249                     /lib/x86_64-linux-gnu/libc-2.19.so
7f08a69da000-7f08a69de000 r--p 001ba000 08:16 795249                     /lib/x86_64-linux-gnu/libc-2.19.so
7f08a69de000-7f08a69e0000 rw-p 001be000 08:16 795249                     /lib/x86_64-linux-gnu/libc-2.19.so
7f08a69e0000-7f08a69e5000 rw-p 00000000 00:00 0 
7f08a69e5000-7f08a69e8000 r-xp 00000000 08:16 795220                     /lib/x86_64-linux-gnu/libdl-2.19.so
7f08a69e8000-7f08a6be7000 ---p 00003000 08:16 795220                     /lib/x86_64-linux-gnu/libdl-2.19.so
7f08a6be7000-7f08a6be8000 r--p 00002000 08:16 795220                     /lib/x86_64-linux-gnu/libdl-2.19.so
7f08a6be8000-7f08a6be9000 rw-p 00003000 08:16 795220                     /lib/x86_64-linux-gnu/libdl-2.19.so
7f08a6be9000-7f08a6bfe000 r-xp 00000000 08:16 1225528                    /usr/lib/jvm/java-8-oracle/lib/amd64/jli/libjli.so
7f08a6bfe000-7f08a6dfe000 ---p 00015000 08:16 1225528                    /usr/lib/jvm/java-8-oracle/lib/amd64/jli/libjli.so
7f08a6dfe000-7f08a6dff000 rw-p 00015000 08:16 1225528                    /usr/lib/jvm/java-8-oracle/lib/amd64/jli/libjli.so
7f08a6dff000-7f08a6e18000 r-xp 00000000 08:16 795250                     /lib/x86_64-linux-gnu/libpthread-2.19.so
7f08a6e18000-7f08a7017000 ---p 00019000 08:16 795250                     /lib/x86_64-linux-gnu/libpthread-2.19.so
7f08a7017000-7f08a7018000 r--p 00018000 08:16 795250                     /lib/x86_64-linux-gnu/libpthread-2.19.so
7f08a7018000-7f08a7019000 rw-p 00019000 08:16 795250                     /lib/x86_64-linux-gnu/libpthread-2.19.so
7f08a7019000-7f08a701d000 rw-p 00000000 00:00 0 
7f08a701d000-7f08a7040000 r-xp 00000000 08:16 795246                     /lib/x86_64-linux-gnu/ld-2.19.so
7f08a7113000-7f08a7116000 ---p 00000000 00:00 0 
7f08a7116000-7f08a7218000 rw-p 00000000 00:00 0                          [stack:7861]
7f08a7230000-7f08a7233000 rw-p 00000000 00:00 0 
7f08a7233000-7f08a723b000 rw-s 00000000 08:16 1196632                    /tmp/hsperfdata_adriaan/7857
7f08a723b000-7f08a723c000 rw-p 00000000 00:00 0 
7f08a723c000-7f08a723d000 r--p 00000000 00:00 0 
7f08a723d000-7f08a723f000 rw-p 00000000 00:00 0 
7f08a723f000-7f08a7240000 r--p 00022000 08:16 795246                     /lib/x86_64-linux-gnu/ld-2.19.so
7f08a7240000-7f08a7241000 rw-p 00023000 08:16 795246                     /lib/x86_64-linux-gnu/ld-2.19.so
7f08a7241000-7f08a7242000 rw-p 00000000 00:00 0 
7fff8490a000-7fff8492d000 rw-p 00000000 00:00 0                          [stack]
7fff849ac000-7fff849ae000 r-xp 00000000 00:00 0                          [vdso]
ffffffffff600000-ffffffffff601000 r-xp 00000000 00:00 0                  [vsyscall]

VM Arguments:
jvm_args: -Xms27g 
java_command: nl.systemsgenetics.cellTypeSpecificAlleleSpecificExpression.mainEntryPoint -A 6 -L /media/fast/GENETICA/implementInJava/CEUASCOUNTS/as_file_names.txt -O /media/fast/GENETICA/implementInJava/CEUASCOUNTS/testFile -C /media/fast/GENETICA/implementInJava/CEUASCOUNTS/coupling_file.txt
java_class_path (initial): /media/fast/systemsgenetics/cellTypeSpecificAlleleSpecificExpression/target/classes:/home/adriaan/.m2/repository/nl/systemsgenetics/Genotype-IO/1.0.2-SNAPSHOT/Genotype-IO-1.0.2-SNAPSHOT.jar:/home/adriaan/.m2/repository/net/sf/opencsv/opencsv/2.3/opencsv-2.3.jar:/home/adriaan/.m2/repository/commons-io/commons-io/2.4/commons-io-2.4.jar:/home/adriaan/.m2/repository/org/utgenome/thirdparty/picard/1.86.0/picard-1.86.0.jar:/home/adriaan/.m2/repository/org/apache/ant/ant/1.8.4/ant-1.8.4.jar:/home/adriaan/.m2/repository/org/apache/ant/ant-launcher/1.8.4/ant-launcher-1.8.4.jar:/home/adriaan/.m2/repository/org/apache/ant/ant-apache-bcel/1.8.4/ant-apache-bcel-1.8.4.jar:/home/adriaan/.m2/repository/bcel/bcel/5.1/bcel-5.1.jar:/home/adriaan/.m2/repository/regexp/regexp/1.2/regexp-1.2.jar:/home/adriaan/.m2/repository/org/mockito/mockito-all/1.8.4/mockito-all-1.8.4.jar:/home/adriaan/.m2/repository/org/apache/commons/commons-lang3/3.1/commons-lang3-3.1.jar:/home/adriaan/.m2/repository/log4j/log4j/1.2.17/log4j-1.2.17.jar:/home/adriaan/.m2/repository/com/google/guava/guava/14.0.1/guava-14.0.1.jar:/home/adriaan/.m2/repository/com/kenai/nbpwr/edu-umd-cs-findbugs-annotations/1.3.2-201002241900/edu-umd-cs-findbugs-annotations-1.3.2-201002241900.jar:/home/adriaan/.m2/repository/net/sourceforge/findbugs/annotations/1.3.2/annotations-1.3.2.jar:/home/adriaan/.m2/repository/com/google/code/findbugs/jsr305/2.0.1/jsr305-2.0.1.jar:/home/adriaan/.m2/repository/net/sf/trove4j/trove4j/3.0.3/trove4j-3.0.3.jar:/home/adriaan/.m2/repository/commons-cli/commons-cli/1.2/commons-cli-1.2.jar:/home/adriaan/.m2/repository/com/github/samtools/htsjdk/1.129/htsjdk-1.129.jar:/home/adriaan/.m2/repository/org/apache/commons/commons-jexl/2.1.1/commons-jexl-2.1.1.jar:/home/adriaan/.m2/repository/commons-logging/commons-logging/1.2/commons-logging-1.2.jar:/home/adriaan/.m2/repository/org/xerial/snappy/snappy-java/1.1.1.3/snappy-java-1.1.1.3.jar:/home/adriaan/.m2/repository/nl/systemsgeneti
Launcher Type: SUN_STANDARD

Environment Variables:
JAVA_HOME=/usr/lib/jvm/java-8-oracle
PATH=/usr/local/sbin:/usr/local/bin:/usr/sbin:/usr/bin:/sbin:/bin:/usr/games:/usr/local/games:/usr/lib/jvm/java-8-oracle/bin:/usr/lib/jvm/java-8-oracle/db/bin:/usr/lib/jvm/java-8-oracle/jre/bin:/opt/novell/iprint/bin
LD_LIBRARY_PATH=/usr/lib/jvm/default-java/jre/lib/amd64:/usr/lib/jvm/default-java/jre/lib/i386:
SHELL=/bin/bash
DISPLAY=:0

Signal Handlers:
SIGSEGV: [libjvm.so+0xaad1e0], sa_mask[0]=11111111011111111101111111111110, sa_flags=SA_RESTART|SA_SIGINFO
SIGBUS: [libjvm.so+0xaad1e0], sa_mask[0]=11111111011111111101111111111110, sa_flags=SA_RESTART|SA_SIGINFO
SIGFPE: [libjvm.so+0x90b450], sa_mask[0]=11111111011111111101111111111110, sa_flags=SA_RESTART|SA_SIGINFO
SIGPIPE: [libjvm.so+0x90b450], sa_mask[0]=11111111011111111101111111111110, sa_flags=SA_RESTART|SA_SIGINFO
SIGXFSZ: [libjvm.so+0x90b450], sa_mask[0]=11111111011111111101111111111110, sa_flags=SA_RESTART|SA_SIGINFO
SIGILL: [libjvm.so+0x90b450], sa_mask[0]=11111111011111111101111111111110, sa_flags=SA_RESTART|SA_SIGINFO
SIGUSR1: SIG_DFL, sa_mask[0]=00000000000000000000000000000000, sa_flags=none
SIGUSR2: [libjvm.so+0x90ca90], sa_mask[0]=00100000000000000000000000000000, sa_flags=SA_RESTART|SA_SIGINFO
SIGHUP: SIG_DFL, sa_mask[0]=00000000000000000000000000000000, sa_flags=none
SIGINT: SIG_IGN, sa_mask[0]=00000000000000000000000000000000, sa_flags=none
SIGTERM: SIG_DFL, sa_mask[0]=00000000000000000000000000000000, sa_flags=none
SIGQUIT: SIG_DFL, sa_mask[0]=00000000000000000000000000000000, sa_flags=none


---------------  S Y S T E M  ---------------

OS:DISTRIB_ID=Ubuntu
DISTRIB_RELEASE=14.04
DISTRIB_CODENAME=trusty
DISTRIB_DESCRIPTION="Ubuntu 14.04.2 LTS"

uname:Linux 3.13.0-57-generic #95-Ubuntu SMP Fri Jun 19 09:28:15 UTC 2015 x86_64
libc:glibc 2.19 NPTL 2.19 
rlimit: STACK 8192k, CORE 0k, NPROC 256697, NOFILE 4096, AS infinity
load average:2.89 2.15 1.43

/proc/meminfo:
MemTotal:       32879072 kB
MemFree:          891956 kB
Buffers:          776424 kB
Cached:          2057248 kB
SwapCached:            0 kB
Active:         29569680 kB
Inactive:        1741124 kB
Active(anon):   28478684 kB
Inactive(anon):    77840 kB
Active(file):    1090996 kB
Inactive(file):  1663284 kB
Unevictable:          48 kB
Mlocked:              48 kB
SwapTotal:             0 kB
SwapFree:              0 kB
Dirty:               328 kB
Writeback:             0 kB
AnonPages:      28477592 kB
Mapped:           374804 kB
Shmem:             79396 kB
Slab:             309592 kB
SReclaimable:     264260 kB
SUnreclaim:        45332 kB
KernelStack:        5208 kB
PageTables:        86852 kB
NFS_Unstable:          0 kB
Bounce:                0 kB
WritebackTmp:          0 kB
CommitLimit:    16439536 kB
Committed_AS:   37361992 kB
VmallocTotal:   34359738367 kB
VmallocUsed:      362096 kB
VmallocChunk:   34359370748 kB
HardwareCorrupted:     0 kB
AnonHugePages:  26521600 kB
HugePages_Total:       0
HugePages_Free:        0
HugePages_Rsvd:        0
HugePages_Surp:        0
Hugepagesize:       2048 kB
DirectMap4k:      477040 kB
DirectMap2M:    33007616 kB


CPU:total 8 (4 cores per cpu, 2 threads per core) family 6 model 58 stepping 9, cmov, cx8, fxsr, mmx, sse, sse2, sse3, ssse3, sse4.1, sse4.2, popcnt, avx, aes, clmul, erms, ht, tsc, tscinvbit, tscinv

/proc/cpuinfo:
processor	: 0
vendor_id	: GenuineIntel
cpu family	: 6
model		: 58
model name	: Intel(R) Core(TM) i7-3630QM CPU @ 2.40GHz
stepping	: 9
microcode	: 0x16
cpu MHz		: 1500.000
cache size	: 6144 KB
physical id	: 0
siblings	: 8
core id		: 0
cpu cores	: 4
apicid		: 0
initial apicid	: 0
fpu		: yes
fpu_exception	: yes
cpuid level	: 13
wp		: yes
flags		: fpu vme de pse tsc msr pae mce cx8 apic sep mtrr pge mca cmov pat pse36 clflush dts acpi mmx fxsr sse sse2 ss ht tm pbe syscall nx rdtscp lm constant_tsc arch_perfmon pebs bts rep_good nopl xtopology nonstop_tsc aperfmperf eagerfpu pni pclmulqdq dtes64 monitor ds_cpl vmx est tm2 ssse3 cx16 xtpr pdcm pcid sse4_1 sse4_2 x2apic popcnt tsc_deadline_timer aes xsave avx f16c rdrand lahf_lm ida arat epb xsaveopt pln pts dtherm tpr_shadow vnmi flexpriority ept vpid fsgsbase smep erms
bogomips	: 4788.99
clflush size	: 64
cache_alignment	: 64
address sizes	: 36 bits physical, 48 bits virtual
power management:

processor	: 1
vendor_id	: GenuineIntel
cpu family	: 6
model		: 58
model name	: Intel(R) Core(TM) i7-3630QM CPU @ 2.40GHz
stepping	: 9
microcode	: 0x16
cpu MHz		: 1200.000
cache size	: 6144 KB
physical id	: 0
siblings	: 8
core id		: 0
cpu cores	: 4
apicid		: 1
initial apicid	: 1
fpu		: yes
fpu_exception	: yes
cpuid level	: 13
wp		: yes
flags		: fpu vme de pse tsc msr pae mce cx8 apic sep mtrr pge mca cmov pat pse36 clflush dts acpi mmx fxsr sse sse2 ss ht tm pbe syscall nx rdtscp lm constant_tsc arch_perfmon pebs bts rep_good nopl xtopology nonstop_tsc aperfmperf eagerfpu pni pclmulqdq dtes64 monitor ds_cpl vmx est tm2 ssse3 cx16 xtpr pdcm pcid sse4_1 sse4_2 x2apic popcnt tsc_deadline_timer aes xsave avx f16c rdrand lahf_lm ida arat epb xsaveopt pln pts dtherm tpr_shadow vnmi flexpriority ept vpid fsgsbase smep erms
bogomips	: 4788.99
clflush size	: 64
cache_alignment	: 64
address sizes	: 36 bits physical, 48 bits virtual
power management:

processor	: 2
vendor_id	: GenuineIntel
cpu family	: 6
model		: 58
model name	: Intel(R) Core(TM) i7-3630QM CPU @ 2.40GHz
stepping	: 9
microcode	: 0x16
cpu MHz		: 2401.000
cache size	: 6144 KB
physical id	: 0
siblings	: 8
core id		: 1
cpu cores	: 4
apicid		: 2
initial apicid	: 2
fpu		: yes
fpu_exception	: yes
cpuid level	: 13
wp		: yes
flags		: fpu vme de pse tsc msr pae mce cx8 apic sep mtrr pge mca cmov pat pse36 clflush dts acpi mmx fxsr sse sse2 ss ht tm pbe syscall nx rdtscp lm constant_tsc arch_perfmon pebs bts rep_good nopl xtopology nonstop_tsc aperfmperf eagerfpu pni pclmulqdq dtes64 monitor ds_cpl vmx est tm2 ssse3 cx16 xtpr pdcm pcid sse4_1 sse4_2 x2apic popcnt tsc_deadline_timer aes xsave avx f16c rdrand lahf_lm ida arat epb xsaveopt pln pts dtherm tpr_shadow vnmi flexpriority ept vpid fsgsbase smep erms
bogomips	: 4788.99
clflush size	: 64
cache_alignment	: 64
address sizes	: 36 bits physical, 48 bits virtual
power management:

processor	: 3
vendor_id	: GenuineIntel
cpu family	: 6
model		: 58
model name	: Intel(R) Core(TM) i7-3630QM CPU @ 2.40GHz
stepping	: 9
microcode	: 0x16
cpu MHz		: 1200.000
cache size	: 6144 KB
physical id	: 0
siblings	: 8
core id		: 1
cpu cores	: 4
apicid		: 3
initial apicid	: 3
fpu		: yes
fpu_exception	: yes
cpuid level	: 13
wp		: yes
flags		: fpu vme de pse tsc msr pae mce cx8 apic sep mtrr pge mca cmov pat pse36 clflush dts acpi mmx fxsr sse sse2 ss ht tm pbe syscall nx rdtscp lm constant_tsc arch_perfmon pebs bts rep_good nopl xtopology nonstop_tsc aperfmperf eagerfpu pni pclmulqdq dtes64 monitor ds_cpl vmx est tm2 ssse3 cx16 xtpr pdcm pcid sse4_1 sse4_2 x2apic popcnt tsc_deadline_timer aes xsave avx f16c rdrand lahf_lm ida arat epb xsaveopt pln pts dtherm tpr_shadow vnmi flexpriority ept vpid fsgsbase smep erms
bogomips	: 4788.99
clflush size	: 64
cache_alignment	: 64
address sizes	: 36 bits physical, 48 bits virtual
power management:

processor	: 4
vendor_id	: GenuineIntel
cpu family	: 6
model		: 58
model name	: Intel(R) Core(TM) i7-3630QM CPU @ 2.40GHz
stepping	: 9
microcode	: 0x16
cpu MHz		: 2401.000
cache size	: 6144 KB
physical id	: 0
siblings	: 8
core id		: 2
cpu cores	: 4
apicid		: 4
initial apicid	: 4
fpu		: yes
fpu_exception	: yes
cpuid level	: 13
wp		: yes
flags		: fpu vme de pse tsc msr pae mce cx8 apic sep mtrr pge mca cmov pat pse36 clflush dts acpi mmx fxsr sse sse2 ss ht tm pbe syscall nx rdtscp lm constant_tsc arch_perfmon pebs bts rep_good nopl xtopology nonstop_tsc aperfmperf eagerfpu pni pclmulqdq dtes64 monitor ds_cpl vmx est tm2 ssse3 cx16 xtpr pdcm pcid sse4_1 sse4_2 x2apic popcnt tsc_deadline_timer aes xsave avx f16c rdrand lahf_lm ida arat epb xsaveopt pln pts dtherm tpr_shadow vnmi flexpriority ept vpid fsgsbase smep erms
bogomips	: 4788.99
clflush size	: 64
cache_alignment	: 64
address sizes	: 36 bits physical, 48 bits virtual
power management:

processor	: 5
vendor_id	: GenuineIntel
cpu family	: 6
model		: 58
model name	: Intel(R) Core(TM) i7-3630QM CPU @ 2.40GHz
stepping	: 9
microcode	: 0x16
cpu MHz		: 1200.000
cache size	: 6144 KB
physical id	: 0
siblings	: 8
core id		: 2
cpu cores	: 4
apicid		: 5
initial apicid	: 5
fpu		: yes
fpu_exception	: yes
cpuid level	: 13
wp		: yes
flags		: fpu vme de pse tsc msr pae mce cx8 apic sep mtrr pge mca cmov pat pse36 clflush dts acpi mmx fxsr sse sse2 ss ht tm pbe syscall nx rdtscp lm constant_tsc arch_perfmon pebs bts rep_good nopl xtopology nonstop_tsc aperfmperf eagerfpu pni pclmulqdq dtes64 monitor ds_cpl vmx est tm2 ssse3 cx16 xtpr pdcm pcid sse4_1 sse4_2 x2apic popcnt tsc_deadline_timer aes xsave avx f16c rdrand lahf_lm ida arat epb xsaveopt pln pts dtherm tpr_shadow vnmi flexpriority ept vpid fsgsbase smep erms
bogomips	: 4788.99
clflush size	: 64
cache_alignment	: 64
address sizes	: 36 bits physical, 48 bits virtual
power management:

processor	: 6
vendor_id	: GenuineIntel
cpu family	: 6
model		: 58
model name	: Intel(R) Core(TM) i7-3630QM CPU @ 2.40GHz
stepping	: 9
microcode	: 0x16
cpu MHz		: 1800.000
cache size	: 6144 KB
physical id	: 0
siblings	: 8
core id		: 3
cpu cores	: 4
apicid		: 6
initial apicid	: 6
fpu		: yes
fpu_exception	: yes
cpuid level	: 13
wp		: yes
flags		: fpu vme de pse tsc msr pae mce cx8 apic sep mtrr pge mca cmov pat pse36 clflush dts acpi mmx fxsr sse sse2 ss ht tm pbe syscall nx rdtscp lm constant_tsc arch_perfmon pebs bts rep_good nopl xtopology nonstop_tsc aperfmperf eagerfpu pni pclmulqdq dtes64 monitor ds_cpl vmx est tm2 ssse3 cx16 xtpr pdcm pcid sse4_1 sse4_2 x2apic popcnt tsc_deadline_timer aes xsave avx f16c rdrand lahf_lm ida arat epb xsaveopt pln pts dtherm tpr_shadow vnmi flexpriority ept vpid fsgsbase smep erms
bogomips	: 4788.99
clflush size	: 64
cache_alignment	: 64
address sizes	: 36 bits physical, 48 bits virtual
power management:

processor	: 7
vendor_id	: GenuineIntel
cpu family	: 6
model		: 58
model name	: Intel(R) Core(TM) i7-3630QM CPU @ 2.40GHz
stepping	: 9
microcode	: 0x16
cpu MHz		: 1200.000
cache size	: 6144 KB
physical id	: 0
siblings	: 8
core id		: 3
cpu cores	: 4
apicid		: 7
initial apicid	: 7
fpu		: yes
fpu_exception	: yes
cpuid level	: 13
wp		: yes
flags		: fpu vme de pse tsc msr pae mce cx8 apic sep mtrr pge mca cmov pat pse36 clflush dts acpi mmx fxsr sse sse2 ss ht tm pbe syscall nx rdtscp lm constant_tsc arch_perfmon pebs bts rep_good nopl xtopology nonstop_tsc aperfmperf eagerfpu pni pclmulqdq dtes64 monitor ds_cpl vmx est tm2 ssse3 cx16 xtpr pdcm pcid sse4_1 sse4_2 x2apic popcnt tsc_deadline_timer aes xsave avx f16c rdrand lahf_lm ida arat epb xsaveopt pln pts dtherm tpr_shadow vnmi flexpriority ept vpid fsgsbase smep erms
bogomips	: 4788.99
clflush size	: 64
cache_alignment	: 64
address sizes	: 36 bits physical, 48 bits virtual
power management:



Memory: 4k page, physical 32879072k(891956k free), swap 0k(0k free)

vm_info: Java HotSpot(TM) 64-Bit Server VM (25.45-b02) for linux-amd64 JRE (1.8.0_45-b14), built on Apr 10 2015 10:07:45 by "java_re" with gcc 4.3.0 20080428 (Red Hat 4.3.0-8)

time: Mon Aug 24 10:40:02 2015
elapsed time: 0 seconds (0d 0h 0m 0s)

